/usr/sbin/prelink -av -mR -f
/usr/sbin/prelink: /usr/bin/scanadf: Could not find one of the dependencies
/usr/sbin/prelink: /usr/bin/git-http-fetch: Could not find one of the dependencies
/usr/sbin/prelink: /usr/bin/compare: Could not find one of the dependencies
/usr/sbin/prelink: /usr/bin/devhelp: Could not find one of the dependencies
/usr/sbin/prelink: /usr/bin/bug-buddy: Could not find one of the dependencies
/usr/sbin/prelink: /usr/bin/fcatch: Could not find one of the dependencies
/usr/sbin/prelink: /usr/bin/conjure: Could not find one of the dependencies
/usr/sbin/prelink: /usr/bin/ssconvert: Could not find one of the dependencies
/usr/sbin/prelink: /usr/bin/vorbiscomment: Could not find one of the dependencies
/usr/sbin/prelink: /usr/bin/fstep: Could not find one of the dependencies
/usr/sbin/prelink: /usr/bin/gnumeric-1.6.3: Could not find one of the dependencies
/usr/sbin/prelink: /usr/bin/ftrace: Could not find one of the dependencies
/usr/sbin/prelink: /usr/bin/oggdec: Could not find one of the dependencies
/usr/sbin/prelink: /usr/bin/xcam: Could not find one of the dependencies
/usr/sbin/prelink: /usr/bin/totem: Could not find one of the dependencies
/usr/sbin/prelink: /usr/bin/totem-video-thumbnailer: Could not find one of the dependencies
/usr/sbin/prelink: /usr/bin/gnome-db-verify-file: Could not find one of the dependencies
/usr/sbin/prelink: /usr/bin/convert: Could not find one of the dependencies
/usr/sbin/prelink: /usr/bin/fstack: Could not find one of the dependencies
/usr/sbin/prelink: /usr/bin/emacs-x: Could not find one of the dependencies
/usr/sbin/prelink: /usr/bin/identify: Could not find one of the dependencies
/usr/sbin/prelink: /usr/bin/import: Could not find one of the dependencies
/usr/sbin/prelink: /usr/bin/rhythmbox: Could not find one of the dependencies
/usr/sbin/prelink: /usr/bin/mogrify: Could not find one of the dependencies
/usr/sbin/prelink: /usr/bin/fparser: Could not find one of the dependencies
/usr/sbin/prelink: /usr/bin/gnome-db-browser: Could not find one of the dependencies
/usr/sbin/prelink: /usr/bin/ogginfo: Could not find one of the dependencies
/usr/sbin/prelink: /usr/bin/gnome-database-properties: Could not find one of the dependencies
/usr/sbin/prelink: /usr/bin/fhpd: Could not find one of the dependencies
/usr/sbin/prelink: /usr/bin/oggenc: Could not find one of the dependencies
/usr/sbin/prelink: /usr/bin/sound-juicer: Could not find one of the dependencies
/usr/sbin/prelink: /usr/bin/AbiWord-2.4: Could not find one of the dependencies
/usr/sbin/prelink: /usr/bin/oprof_start: Could not find one of the dependencies
/usr/sbin/prelink: /usr/bin/composite: Could not find one of the dependencies
/usr/sbin/prelink: /usr/bin/emacs-x: Could not find one of the dependencies
/usr/sbin/prelink: /usr/bin/ogg123: Could not find one of the dependencies
/usr/sbin/prelink: /usr/bin/display: Could not find one of the dependencies
/usr/sbin/prelink: /usr/bin/montage: Could not find one of the dependencies
/usr/sbin/prelink: /usr/bin/animate: Could not find one of the dependencies
/usr/sbin/prelink: /usr/bin/ssindex: Could not find one of the dependencies
/usr/sbin/prelink: /usr/bin/dcraw: Could not find one of the dependencies
/usr/sbin/prelink: /usr/bin/fcore: Could not find one of the dependencies
/usr/sbin/prelink: /usr/bin/git-http-push: Could not find one of the dependencies
/usr/sbin/prelink: /usr/libexec/totem-mozilla-viewer: Could not find one of the dependencies
/usr/sbin/prelink: /usr/libexec/rhythmbox-metadata: Could not find one of the dependencies
/usr/sbin/prelink: /usr/lib/firefox-1.5.0.10/xpcshell: Could not find one of the dependencies
/usr/sbin/prelink: /usr/lib/gimp/2.0/plug-ins/print: Could not find one of the dependencies
/usr/sbin/prelink: /usr/lib/gimp/2.0/plug-ins/mng: Could not find one of the dependencies
/usr/sbin/prelink: /usr/lib/gimp/2.0/plug-ins/helpbrowser: Could not find one of the dependencies
Laying out 275 libraries in virtual address space 00101000-50000000
Random base 0x0037e000
Assigned virtual address space slots for libraries:
/lib/ld-linux.so.2                                           0037e000-0039a650
/lib/libc.so.6                                               0039d000-004f05d0
/lib/libm.so.6                                               004f3000-0051b070
/lib/libdl.so.2                                              0051e000-00522078
/lib/libz.so.1                                               00525000-00537910
/lib/libglib-2.0.so.0                                        0053a000-005d8a04
/usr/lib/libnetpbm.so.10                                     0053a000-005640ec
/lib/libgobject-2.0.so.0                                     005db000-00619ec4
/usr/lib/libXau.so.6                                         0061c000-0061ea48
/usr/lib/libXdmcp.so.6                                       00621000-00626328
/usr/lib/libX11.so.6                                         00629000-0072af04
/lib/libgmodule-2.0.so.0                                     0072d000-0072f210
/usr/lib/libXext.so.6                                        00732000-0074191c
/lib/libpthread.so.0                                         00744000-0075b1e0
/lib/libexpat.so.0                                           0075e000-0077ed38
/usr/lib/libfreetype.so.6                                    00781000-0080a268
/usr/lib/libXrender.so.1                                     0080d000-008154a8
/usr/lib/libfontconfig.so.1                                  00818000-00846d64
/usr/lib/libpng12.so.0                                       00849000-0086ed2c
/usr/lib/libXcursor.so.1                                     00871000-0087aacc
/usr/lib/libgtk-x11-2.0.so.0                                 0087d000-00c1a920
/usr/lib/libXinerama.so.1                                    00c1d000-00c1f5dc
/usr/lib/libcairo.so.2                                       00c22000-00ca0420
/usr/lib/libXfixes.so.3                                      00ca3000-00ca7944
/usr/lib/libpangoft2-1.0.so.0                                00caa000-00cd89a0
/usr/lib/libgdk_pixbuf-2.0.so.0                              00cdb000-00cf153c
/usr/lib/libXi.so.6                                          00cf4000-00cfbfc0
/usr/lib/libgdk-x11-2.0.so.0                                 00cfe000-00d8a70c
/usr/lib/libpangocairo-1.0.so.0                              00d8d000-00d95b40
/usr/lib/libXrandr.so.2                                      00d98000-00d9e6bc
/usr/lib/libpango-1.0.so.0                                   00da1000-00de298c
/usr/lib/libatk-1.0.so.0                                     00101000-0011c814
/lib/libsepol.so.1                                           0011f000-00164960
/lib/libselinux.so.1                                         00de5000-00dfcb54
/usr/lib/libgimpbase-2.0.so.0                                00167000-00175ea4
/usr/lib/libgimpcolor-2.0.so.0                               00178000-00181fdc
/usr/lib/libgimp-2.0.so.0                                    00184000-001b58e4
/usr/lib/libgimpmodule-2.0.so.0                              001b8000-001bc648
/usr/lib/libgimpui-2.0.so.0                                  001bf000-001cedf8
/usr/lib/libgimpwidgets-2.0.so.0                             001d1000-002b5d3c
/lib/libnsl.so.1                                             002b8000-002d07c8
/lib/libcrypto.so.6                                          0227d000-023ae2d8
/lib/librt.so.1                                              002d3000-002db22c
/usr/lib/libstdc++.so.6                                      00167000-00251c84
/lib/libgcc_s.so.1                                           00254000-0025fbe4
/lib/libcrypt.so.1                                           00262000-0028f13c
/lib/libresolv.so.2                                          002de000-002f18c8
/lib/libcap.so.1                                             002f4000-002f6454
/lib/libcom_err.so.2                                         002f9000-002fb3ac
/lib/libdbus-1.so.3                                          002fe000-00338938
/usr/lib/libk5crypto.so.3                                    0033b000-00360da0
/lib/libkeyutils.so.1                                        00363000-003654b8
/usr/lib/libkrb5.so.3                                        023b1000-024439c8
/usr/lib/libkrb5support.so.0                                 00368000-0036feec
/usr/lib/libgssapi_krb5.so.2                                 02446000-02473d9c
/lib/libssl.so.6                                             02476000-024bac5c
/usr/lib/libpopt.so.0                                        00292000-00299c8c
/usr/lib/libxml2.so.2                                        024bd000-025f0894
/lib/libgthread-2.0.so.0                                     00372000-003765c0
/usr/lib/libjpeg.so.62                                       025f3000-026148dc
/lib/libtinfo.so.5                                           00849000-008608a8
/usr/lib/libICE.so.6                                         02617000-02630830
/usr/lib/libSM.so.6                                          02633000-0263be10
/usr/lib/libdbus-glib-1.so.2                                 0263e000-0265a9e0
/usr/lib/libORBit-2.so.0                                     0265d000-026b4fd4
/usr/lib/libbz2.so.1                                         026b7000-026c7e24
/lib/libaudit.so.0                                           0061c000-0062f134
/usr/lib/libgconf-2.so.4                                     026ca000-026ffbcc
/lib/libutil.so.1                                            02702000-0270508c
/usr/lib/libelf.so.1                                         0053a000-0054f0ac
/usr/lib/libhal.so.1                                         00262000-0026e20c
/usr/lib/libgnomevfs-2.so.0                                  02708000-0276a7a4
/usr/lib/libavahi-glib.so.1                                  00379000-0037b19c
/lib/libpam.so.0                                             00632000-0063cda4
/usr/lib/libavahi-common.so.3                                0276d000-027787b8
/usr/lib/libavahi-client.so.3                                0277b000-0278ab7c
/lib/libncurses.so.5                                         00863000-00882650
/usr/lib/libtiff.so.3                                        002b8000-0030fea0
/usr/lib/libXt.so.6                                          0011f000-00176774
/usr/lib/libplc4.so                                          004f3000-004f79c8
/usr/lib/libplds4.so                                         004fa000-004fc1d4
/usr/lib/libnspr4.so                                         00525000-0055cde0
/usr/lib/libORBitCosNaming-2.so.0                            0029c000-002a0e84
/usr/lib/libbonobo-activation.so.4                           0278d000-027a2f2c
/lib/libasound.so.2                                          027a5000-02882a98
/usr/lib/libbonobo-2.so.0                                    02885000-028e8530
/usr/lib/librpmdb-4.4.so                                     00552000-006688a0
/usr/lib/libbeecrypt.so.6                                    0066b000-006a8be4
/usr/lib/libaudiofile.so.0                                   028eb000-02915274
/usr/lib/librpmio-4.4.so                                     006ab000-00740f80
/usr/lib/libsqlite3.so.0                                     00781000-007e5a28
/lib/libdevmapper.so.1.02                                    005db000-005eeb98
/usr/lib/libsoftokn3.so                                      0055f000-005b4cb4
/usr/lib/libssl3.so                                          005b7000-005e1fbc
/usr/lib/libgnomecanvas-2.so.0                               02918000-02944d40
/usr/lib/libart_lgpl_2.so.2                                  02947000-0295d290
/usr/lib/libesd.so.0                                         002a3000-002acba4
/usr/lib/libbonoboui-2.so.0                                  02960000-029c53b0
/lib/libpam_misc.so.0                                        004f3000-004f5c8c
/usr/lib/libgnome-2.so.0                                     029c8000-029ddd7c
/usr/lib/libsmime3.so                                        005e4000-0060af0c
/usr/lib/libnss3.so                                          0063f000-006c1b64
/usr/lib/librsvg-2.so.2                                      029e0000-02a13e50
/usr/lib/libgsf-1.so.114                                     02a16000-02a48830
/usr/lib/libgettextlib-0.16.1.so                             00525000-00542e44
/usr/lib/libcroco-0.6.so.3                                   02a4b000-02a835cc
/usr/lib/libXmu.so.6                                         00744000-0075afb0
/usr/lib/libXpm.so.4                                         00de5000-00df539c
/usr/lib/libgnome-keyring.so.0                               02a86000-02a939bc
/usr/lib/libgnomeui-2.so.0                                   02a96000-02b2b1a8
/lib/libuuid.so.1                                            005f1000-005f4208
/usr/lib/libuser.so.1                                        004f8000-0050df6c
/usr/lib/libXaw.so.7                                         00525000-00588790
/usr/lib/libgettextsrc-0.16.1.so                             00545000-00579dfc
/lib/libattr.so.1                                            00525000-005292c4
/usr/lib/libXmuu.so.1                                        00525000-005284ec
/lib/libacl.so.1                                             0052c000-00532aac
/usr/lib/libbfd-2.17.50.0.12-4.so                            004f3000-00587df0
/lib/libdb-4.3.so                                            004f3000-005e7c1c
/lib/libblkid.so.1                                           005f7000-005ffa60
/lib/libext2fs.so.2                                          004f3000-0050e774
/lib/libproc-3.2.7.so                                        004f3000-00513878
/usr/lib/libreadline.so.5                                    0061c000-00650c34
/usr/lib/libsasl2.so.2                                       0053a000-005527c4
/usr/lib/librpm-4.4.so                                       007e8000-00877400
/lib/libdb-4.2.so                                            004f3000-005d6e7c
/usr/lib/libxslt.so.1                                        0011f000-001558a0
/usr/lib/mysql/libmysqlclient.so.15                          0053a000-0069b760
/lib/libe2p.so.2                                             00511000-00516bd0
/usr/lib/libscim-1.0.so.8                                    0227d000-023662b8
/usr/lib/libhal-storage.so.1                                 00167000-00170278
/usr/lib/libXft.so.2                                         00885000-008974a0
/usr/lib/libXTrap.so.6                                       004f3000-004fbfb8
/lib/libiw.so.28                                             0051e000-00525888
/usr/lib/libosp.so.5                                         0051e000-0070e290
/usr/lib/libXxf86vm.so.1                                     0058b000-0058fe1c
/usr/lib/libneon.so.25                                       0087a000-008989f0
/usr/lib/libxkbfile.so.1                                     0058b000-005aeec8
/usr/lib/libscrollkeeper.so.0                                0053a000-005424f8
/usr/lib/libwmflite-0.2.so.7                                 0011f000-001393c0
/usr/lib/libwmf-0.2.so.7                                     002b8000-0030c6a4
/usr/lib/libfontenc.so.1                                     0053a000-0053ff00
/usr/lib/libtic.so.5                                         004f3000-00509784
/usr/lib/libgdasql.so.3                                      00158000-00174b74
/usr/lib/libncursesw.so.5                                    00525000-0054c70c
/usr/lib/libgamin-1.so.0                                     00de5000-00deb400
/usr/lib/libgimpmath-2.0.so.0                                00de5000-00de9ca0
/usr/lib/libnewt.so.0.52                                     00525000-005369c8
/usr/lib/libslang.so.2                                       00539000-00609fa8
/usr/lib/libdw.so.1                                          00552000-00571e14
/usr/lib/libidn.so.11                                        0053a000-0056ab90
/usr/lib/libgda-3.so.3                                       00177000-001b0de8
/usr/lib/libnal.so.1                                         004f3000-004fbb5c
/lib/libpcre.so.0                                            004f3000-00515628
/usr/lib/libanthydic.so.0                                    0011f000-00160960
/usr/lib/liblber-2.3.so.0                                    00555000-005627c0
/usr/lib/librfb.so.0                                         00542000-005a2ec0
/usr/lib/libdistcache.so.1                                   004fe000-00502338
/usr/lib/libgpm.so.1                                         00535000-0053aba0
/usr/lib/libparted-1.8.so.6                                  00653000-006bbed4
/usr/lib/libldap-2.3.so.0                                    00565000-0059ef28
/usr/lib/libcapi20.so.3                                      004f3000-004ffd80
/usr/lib/libsysfs.so.2                                       004f3000-004fe340
/usr/lib/libcrack.so.2                                       004f3000-004fe4a0
/usr/lib/libGL.so.1                                          00592000-00601608
/usr/lib/libkrb4.so.2                                        004f3000-0050fc9c
/usr/lib/libdes425.so.3                                      00512000-00515650
/usr/lib/libXfont.so.1                                       005a5000-0060f42c
/usr/lib/sse2/libgmp.so.3                                    00167000-0019a96c
/usr/lib/libdaemon.so.0                                      004f3000-004f9520
/usr/lib/librpmbuild-4.4.so                                  0089b000-008cb2dc
/lib/libdb-4.5.so                                            0075e000-0088cf1c
/usr/lib/libanthy.so.0                                       00262000-00281dc8
/usr/lib/libpcap.so.0.9                                      0053a000-00563ad0
/usr/lib/libdrm.so.2                                         00525000-0052f908
/usr/lib/libgpg-error.so.0                                   0053a000-0053d994
/usr/lib/libgcrypt.so.11                                     00540000-005945e8
/usr/lib/libXRes.so.1                                        00de5000-00de61bc
/usr/lib/libwvbase.so.4.2                                    0053a000-005b4f84
/usr/lib/perl5/5.8.8/i386-linux-thread-multi/CORE/libperl.so 0053d000-0066d5e0
/usr/lib/libltdl.so.3                                        0019d000-001a3958
/usr/lib/libusb-0.1.so.4                                     004f3000-004fa618
/lib/libvolume_id.so.0                                       004f3000-004fcf80
/usr/lib/libdhcp6client-0.10.so.0                            00602000-0062e864
/usr/lib/libpangoxft-1.0.so.0                                00732000-00738f3c
/usr/lib/libenchant.so.1                                     004f3000-004f9e84
/usr/lib/libbdevid.so.6.0.9                                  00631000-00634e40
/usr/lib/libnotify.so.1                                      00de5000-00dec40c
/usr/lib/libtcl8.4.so                                        00525000-005e4d64
/usr/lib/libnash.so.6.0.9                                    006be000-007168e0
/usr/lib/libguile.so.17                                      02b2e000-02c1b85c
/usr/lib/libdhcp.so.1                                        00637000-0064ff0c
/usr/lib/libwvutils.so.4.2                                   005b7000-005e6f90
/usr/lib/libdhcp4client-3.0.5.so.0                           00719000-0079db50
/usr/lib/libglade-2.0.so.0                                   001a6000-001bd98c
/lib/security/pam_ccreds.so                                  004f8000-004fc5ec
/usr/lib/libpangox-1.0.so.0                                  0073b000-0074555c
/usr/lib/libwvstreams.so.4.2                                 005e9000-006927c4
/usr/lib/libnl.so.1                                          007a0000-007d4cc4
/usr/lib/libXxf86misc.so.1                                   004f3000-004f51dc
/usr/lib/libpython2.5.so.1.0                                 00885000-009c8c18
/usr/lib/libgmime-2.0.so.2                                   0061c000-00672b34
/usr/lib/libIDL-2.so.0                                       0061c000-00645e48
/usr/lib/libXtst.so.6                                        0053a000-0053f60c
/usr/lib/libopcodes-2.17.50.0.12-4.so                        0058a000-005a6c0c
/usr/lib/libmathview.so.0                                    005db000-006dc93c
/usr/lib/liblua-5.1.so                                       00525000-0054ec70
/usr/lib/libebt_redirect.so                                  004f3000-004f49c0
/lib/libss.so.2                                              00525000-0052a628
/usr/lib/libXv.so.1                                          004f3000-004f771c
/usr/lib/libebt_log.so                                       004f7000-004f8200
/usr/lib/libebt_vlan.so                                      004fb000-004fcf44
/usr/lib/libcdda_interface.so.0                              0051e000-00531a80
/usr/lib/libpanel.so.5                                       004f3000-004f6164
/usr/lib/libebt_pkttype.so                                   004ff000-00500ba0
/usr/lib/libexif.so.12                                       0011f000-0014a410
/usr/lib/libots-1.so.0                                       005db000-005e0df4
/usr/lib/libavahi-core.so.5                                  00525000-00559df8
/usr/lib/liblzo2.so.2                                        004f3000-005136b8
/usr/lib/libebt_mark_m.so                                    00503000-00504a80
/lib/libauparse.so.0                                         004f3000-004fd12c
/usr/lib/libgda-report-3.so.3                                0061c000-0064b708
/usr/lib/liblink-grammar.so.4                                004f3000-0056e9f0
/usr/lib/libgnutls.so.13                                     00597000-00613d04
/usr/lib/libogrove.so.0                                      00711000-00720a78
/usr/lib/libhesiod.so.0                                      00518000-0051b1e0
/usr/lib/libutempter.so.0                                    004f3000-004f4e14
/usr/lib/libebt_arp.so                                       00507000-00509ca0
/usr/lib/libcdda_paranoia.so.0                               00534000-0053cc74
/usr/lib/libanthyinput.so.0                                  0051e000-0052bc34
/usr/lib/libgnomedb_parser-3.so.4                            001b3000-001caa94
/usr/lib/libebt_among.so                                     0050c000-0050ed10
/usr/lib/libdistcacheserver.so.1                             00505000-00508590
/usr/lib/liblftp-tasks.so.0                                  00525000-005855c4
/usr/lib/libhistory.so.5                                     00653000-0065ad9c
/usr/lib/libebt_standard.so                                  00511000-005127c4
/usr/lib/libwnck-1.so.18                                     0011f000-00154ae8
/usr/lib/libospgrove.so.0                                    0075e000-007c5930
/usr/lib/libebt_limit.so                                     00515000-00516ff0
/usr/lib/liblftp-jobs.so.0                                   00588000-005c4404
/usr/lib/libgomp.so.1                                        0057c000-00583d44
/usr/lib/libexslt.so.0                                       00597000-005a8bb0
/usr/lib/libostyle.so.0                                      007c8000-009cd778
/usr/lib/libmagic.so.1                                       004f3000-00504a84
/usr/lib/libscim-gtkutils-1.0.so.8                           00de5000-00df5734
/usr/lib/mysql/libmysqlclient_r.so.15                        0053a000-0069c3b8
/usr/lib/libscim-x11utils-1.0.so.8                           00df8000-00dfa5f4
/usr/lib/libmathview_backend_svg.so.0                        006df000-006f8b50
/usr/lib/libcurl.so.4                                        0056d000-005abebc
/usr/lib/libstartup-notification-1.so.0                      00de9000-00df13c4
/usr/lib/libmathview_frontend_libxml2.so.0                   006fb000-0073d054
/usr/lib/libebt_stp.so                                       00519000-0051bcb0
/usr/lib/libebt_ulog.so                                      0051e000-0051f1c0
/usr/lib/libebt_ip.so                                        00522000-005249c0
/usr/lib/libXfontcache.so.1                                  004f8000-004f9f5c
/usr/lib/libXxf86dga.so.1                                    004f8000-004fd758
/usr/lib/libebtable_filter.so                                00527000-0052850c
/usr/lib/libebt_mark.so                                      0052b000-0052cf54
/usr/lib/libFS.so.6                                          00542000-0054ebd8
/usr/lib/libebtable_broute.so                                0052f000-0053044c
/usr/lib/libdmx.so.1                                         00500000-00503f7c
/lib/libthread_db.so.1                                       004f3000-004fa140
/usr/lib/libsmbios.so.1                                      0061c000-006ac454
/usr/lib/libebt_arpreply.so                                  00533000-00534cd4
/usr/lib/libpcreposix.so.0                                   00518000-00519f68
/usr/lib/libdmraid.so.1.0.0.rc14                             004f3000-0051bf80
/usr/lib/libfribidi.so.0                                     004f3000-00501758
/usr/lib/libebt_nat.so                                       00537000-005392e8
/usr/lib/libck-connector.so.0                                004f3000-004f5fb0
/usr/lib/libebt_802_3.so                                     0053c000-0053dcd0
/usr/lib/libebtc.so                                          00540000-0054f748
/usr/lib/libebtable_nat.so                                   00552000-0055350c
/usr/lib/libtk8.4.so                                         0075e000-00848f6c
/usr/lib/libgimpthumb-2.0.so.0                               00dec000-00df3f20
/usr/lib/libGLU.so.1                                         0075e000-007cd9a0
Prelinking /lib/ld-2.6.so
Prelinking /lib/libc-2.6.so
Prelinking /lib/libdl-2.6.so
Prelinking /lib/libglib-2.0.so.0.1200.11
Prelinking /lib/libgmodule-2.0.so.0.1200.11
Prelinking /lib/libgobject-2.0.so.0.1200.11
Prelinking /lib/libz.so.1.2.3
Prelinking /lib/libm-2.6.so
Prelinking /usr/lib/libpng12.so.0.16.0
Prelinking /usr/lib/libgdk_pixbuf-2.0.so.0.1000.13
Prelinking /usr/lib/libpango-1.0.so.0.1600.4
Prelinking /usr/lib/libfreetype.so.6.3.15
Prelinking /lib/libexpat.so.0.5.0
Prelinking /usr/lib/libfontconfig.so.1.2.0
Prelinking /usr/lib/libXau.so.6.0.0
Prelinking /usr/lib/libXdmcp.so.6.0.0
Prelinking /usr/lib/libX11.so.6.2.0
Prelinking /usr/lib/libXrender.so.1.3.0
Prelinking /usr/lib/libcairo.so.2.11.2
Prelinking /usr/lib/libpangoft2-1.0.so.0.1600.4
Prelinking /usr/lib/libpangocairo-1.0.so.0.1600.4
Prelinking /usr/lib/libXext.so.6.4.0
Prelinking /usr/lib/libXinerama.so.1.0.0
Prelinking /usr/lib/libXi.so.6.0.0
Prelinking /usr/lib/libXrandr.so.2.1.0
Prelinking /usr/lib/libXfixes.so.3.1.0
Prelinking /usr/lib/libXcursor.so.1.0.2
Prelinking /usr/lib/libgdk-x11-2.0.so.0.1000.13
Prelinking /usr/lib/libatk-1.0.so.0.1809.1
Prelinking /usr/lib/libgtk-x11-2.0.so.0.1000.13
Prelinking /usr/lib/libICE.so.6.3.0
Prelinking /usr/lib/libSM.so.6.0.0
Prelinking /usr/lib/libstartup-notification-1.so.0.0.0
Prelinking /usr/lib/libXRes.so.1.0.0
Prelinking /usr/lib/libwnck-1.so.18.2.10
Prelinking /usr/lib/libnetpbm.so.10.35
Prelinking /usr/bin/xbmtopbm
Prelinking /lib/libuuid.so.1.2
Prelinking /usr/bin/uuidgen
Prelinking /lib/libresolv-2.6.so
Prelinking /lib/libcrypto.so.0.9.8b
Prelinking /sbin/dhcp6c
Prelinking /usr/lib/libanthydic.so.0.1.0
Prelinking /usr/lib/libanthy.so.0.1.0
Prelinking /usr/lib/libanthyinput.so.0.0.0
Prelinking /usr/lib/libgimpcolor-2.0.so.0.200.13
Prelinking /usr/lib/libgimpbase-2.0.so.0.200.13
Prelinking /usr/lib/libgimp-2.0.so.0.200.13
Prelinking /usr/lib/libgimpwidgets-2.0.so.0.200.13
Prelinking /usr/lib/libgimpmodule-2.0.so.0.200.13
Prelinking /usr/lib/libgimpui-2.0.so.0.200.13
Prelinking /usr/lib/gimp/2.0/plug-ins/engrave
Prelinking /usr/lib/libjpeg.so.62.0.0
Prelinking /usr/lib/gimp/2.0/plug-ins/xjt
Prelinking /lib/libpthread-2.6.so
Prelinking /lib/librt-2.6.so
Prelinking /bin/dd
Prelinking /usr/lib/libots-1.so.0.4.2
/usr/sbin/prelink: Warning: /usr/lib/libots-1.so.0 has undefined non-weak symbols
Prelinking /usr/lib/libbfd-2.17.50.0.12-4.so
Prelinking /usr/lib/libopcodes-2.17.50.0.12-4.so
Prelinking /usr/bin/objdump
Prelinking /usr/lib/libXmuu.so.1.0.0
Prelinking /usr/bin/xwininfo
Prelinking /lib/libcrypt-2.6.so
Prelinking /lib/libnsl-2.6.so
Prelinking /lib/libkeyutils-1.2.so
Prelinking /usr/lib/libkrb5support.so.0.1
Prelinking /usr/lib/libk5crypto.so.3.1
Prelinking /lib/libcom_err.so.2.1
Prelinking /usr/lib/libkrb5.so.3.3
Prelinking /usr/lib/libgssapi_krb5.so.2.2
Prelinking /lib/libssl.so.0.9.8b
Prelinking /usr/lib/mysql/libmysqlclient.so.15.0.0
Prelinking /usr/lib/libtiff.so.3.8.2
Prelinking /usr/bin/thumbnail
Prelinking /lib/libtinfo.so.5.6
Prelinking /usr/lib/libtic.so.5.6
Prelinking /usr/bin/infocmp
Prelinking /usr/lib/gimp/2.0/plug-ins/pix
Prelinking /usr/lib/libelf-0.128.so
Prelinking /usr/lib/libdw-0.126.so
Prelinking /usr/bin/eu-findtextrel
Prelinking /usr/lib/libwmflite-0.2.so.7.0.1
Prelinking /usr/lib/libxml2.so.2.6.29
Prelinking /usr/lib/libwmf-0.2.so.7.1.0
Prelinking /usr/bin/wmf2gd
Prelinking /usr/bin/pbmtomda
Prelinking /usr/lib/gimp/2.0/plug-ins/webbrowser
Prelinking /sbin/mingetty
Prelinking /usr/bin/factor
Prelinking /usr/bin/ppmtoeyuv
Prelinking /usr/bin/asciitopgm
Prelinking /usr/lib/libdrm.so.2.3.0
Prelinking /usr/bin/xcmsdb
Prelinking /usr/lib/gimp/2.0/plug-ins/pixelize
Prelinking /usr/lib/libgimpmath-2.0.so.0.200.13
Prelinking /usr/lib/gimp/2.0/plug-ins/winicon
Prelinking /lib/libcap.so.1.10
Prelinking /lib/libdbus-1.so.3.2.0
Prelinking /usr/lib/libdbus-glib-1.so.2.1.0
Prelinking /lib/libgthread-2.0.so.0.1200.11
Prelinking /usr/lib/libORBit-2.so.0.1.0
Prelinking /usr/lib/libgconf-2.so.4.1.2
Prelinking /usr/libexec/notification-daemon
Prelinking /usr/bin/pnmhistmap
Prelinking /lib/libdb-4.3.so
Prelinking /usr/bin/db43_dump
Prelinking /usr/bin/xmllint
Prelinking /lib/libgcc_s-4.1.2-20070626.so.1
Prelinking /usr/lib/libstdc++.so.6.0.8
Prelinking /usr/lib/librfb.so.0.0.0
Prelinking /usr/lib/gimp/2.0/plug-ins/gifload
Prelinking /usr/bin/wmf2svg
Prelinking /usr/bin/locate
Prelinking /usr/lib/squid/fakeauth_auth
Prelinking /sbin/install-info
Prelinking /usr/sbin/readprofile
Prelinking /usr/bin/symlinks
Prelinking /usr/lib/libscim-1.0.so.8.1.0
Prelinking /usr/lib/scim-1.0/scim-launcher
Prelinking /usr/bin/pc1toppm
Prelinking /usr/lib/gimp/2.0/plug-ins/struc
Prelinking /usr/bin/tiffset
Prelinking /usr/bin/pamsummcol
Prelinking /usr/bin/flex
Prelinking /usr/bin/pamdepth
Prelinking /usr/lib/gimp/2.0/plug-ins/url
Prelinking /usr/lib/libbz2.so.1.0.4
Prelinking /usr/lib/libidn.so.11.5.22
Prelinking /usr/bin/elinks
Prelinking /usr/bin/xlsfonts
Prelinking /usr/lib/gimp/2.0/plug-ins/softglow
Prelinking /usr/lib/libgettextlib-0.16.1.so
Prelinking /usr/lib/gettext/hostname
Prelinking /usr/lib/gimp/2.0/plug-ins/sel_gauss
Prelinking /usr/sbin/wpa_supplicant
Prelinking /usr/bin/yacc
Prelinking /bin/loadkeys
Prelinking /usr/lib/libosp.so.5.0.0
Prelinking /usr/bin/ospam
Prelinking /usr/lib/gimp/2.0/plug-ins/xbm
Prelinking /lib/libproc-3.2.7.so
Prelinking /sbin/sysctl
Prelinking /usr/bin/pinky
Prelinking /usr/lib/gimp/2.0/plug-ins/glasstile
Prelinking /usr/lib/libebt_ip.so
/usr/sbin/prelink: Warning: /usr/lib/libebt_ip.so has undefined non-weak symbols
Prelinking /usr/bin/tsort
Prelinking /usr/lib/gimp/2.0/plug-ins/pcx
Prelinking /lib/libvolume_id.so.0.75.0
Prelinking /usr/bin/git-ssh-pull
Prelinking /usr/lib/libnspr4.so
Prelinking /usr/lib/libplc4.so
Prelinking /usr/lib/libplds4.so
Prelinking /usr/lib/libsoftokn3.so
Prelinking /usr/lib/libnss3.so
Prelinking /usr/lib/libssl3.so
Prelinking /usr/lib/libsmime3.so
Prelinking /lib/libaudit.so.0.0.0
Prelinking /lib/libpam.so.0.81.6
Prelinking /usr/bin/pkcs11_inspect
Prelinking /usr/lib/gimp/2.0/plug-ins/checkerboard
Prelinking /usr/sbin/rtacct
Prelinking /lib/libasound.so.2.0.0
Prelinking /usr/bin/aserver
Prelinking /usr/bin/updatedb
Prelinking /usr/bin/patch
Prelinking /sbin/mgetty
Prelinking /usr/lib/libsasl2.so.2.0.22
Prelinking /usr/sbin/saslpasswd2
Prelinking /usr/sbin/sasl2-static-mechlist
Prelinking /usr/bin/git-hash-object
Prelinking /usr/lib/libgpm.so.1.19.0
Prelinking /usr/lib/libXt.so.6.0.0
Prelinking /usr/lib/libXTrap.so.6.4.0
Prelinking /usr/bin/xtrapproto
Prelinking /bin/red
Linking /bin/ed to /bin/red
Prelinking /lib/libsepol.so.1
Prelinking /lib/libselinux.so.1
Prelinking /usr/sbin/userdel
Prelinking /usr/lib/nss/unsupported-tools/ocspclnt
Prelinking /usr/bin/xtrapin
Prelinking /usr/lib/libebt_arp.so
/usr/sbin/prelink: Warning: /usr/lib/libebt_arp.so has undefined non-weak symbols
Prelinking /usr/lib/libpopt.so.0.0.0
Prelinking /usr/bin/oprofiled
Prelinking /usr/bin/ppmntsc
Prelinking /usr/lib/libXmu.so.6.2.0
Prelinking /usr/lib/libXpm.so.4.11.0
Prelinking /usr/lib/libXaw7.so.7.0.0
Prelinking /usr/bin/xclipboard
Prelinking /usr/bin/crlutil
Prelinking /usr/bin/pgmenhance
Prelinking /usr/bin/pamtotiff
Prelinking /usr/bin/grodvi
Prelinking /usr/bin/replace
Prelinking /usr/bin/pgmbentley
Prelinking /usr/bin/pnmtorast
Prelinking /sbin/dhcdbd
Prelinking /usr/bin/pamtosvg
Prelinking /lib/libdb-4.2.so
Prelinking /usr/bin/db42_verify
Prelinking /lib/libpam_misc.so.0.81.2
Prelinking /bin/login
Prelinking /usr/lib/sse2/libgmp.so.3.3.3
Prelinking /usr/libexec/gcc/i386-redhat-linux/4.1.1/f951
Prelinking /usr/lib/gimp/2.0/plug-ins/nlfilt
Prelinking /usr/bin/pamtohdiff
Prelinking /usr/lib/gimp/2.0/plug-ins/ccanalyze
Prelinking /usr/bin/pnmalias
Prelinking /usr/bin/jstest
Prelinking /usr/sbin/apmd
Prelinking /usr/lib/libsmbios.so.1.0.13
Prelinking /sbin/change_console
Prelinking /usr/lib/libaudiofile.so.0.0.2
Prelinking /usr/lib/libhal.so.1.0.0
Prelinking /usr/lib/libhal-storage.so.1.0.0
Prelinking /usr/libexec/hal-storage-closetray
Prelinking /usr/bin/valgrind-listener
Prelinking /usr/bin/hostid
Prelinking /usr/sbin/setpcaps
Prelinking /usr/lib/gimp/2.0/plug-ins/smooth_palette
Prelinking /sbin/fsck.cramfs
Prelinking /usr/sbin/grpconv
Prelinking /usr/lib/mysql/libmysqlclient_r.so.15.0.0
Prelinking /usr/bin/mysqltestmanager
Prelinking /usr/bin/my_print_defaults
Prelinking /bin/mountpoint
Prelinking /usr/lib/libdaemon.so.0.3.0
Prelinking /usr/sbin/avahi-autoipd
Prelinking /usr/lib/libnotify.so.1.1.2
Prelinking /usr/bin/notify-send
Prelinking /lib/libncurses.so.5.6
Prelinking /bin/more
Prelinking /usr/bin/gethostip
Prelinking /usr/bin/gouldtoppm
Prelinking /lib/libdevmapper.so.1.02
Prelinking /usr/lib/libparted-1.8.so.6.0.0
Prelinking /usr/lib/libreadline.so.5.2
Prelinking /sbin/parted
Prelinking /usr/bin/pamedge
Prelinking /usr/bin/db42_upgrade
Prelinking /usr/lib/libbeecrypt.so.6.4.0
Prelinking /usr/lib/librpmio-4.4.so
Prelinking /usr/lib/libsqlite3.so.0.8.6
Prelinking /usr/lib/librpmdb-4.4.so
Prelinking /usr/lib/librpm-4.4.so
Prelinking /usr/lib/librpmbuild-4.4.so
Prelinking /usr/lib/libneon.so.25.0.5
Prelinking /usr/lib/rpm/rpmdeps
Prelinking /usr/lib/gimp/2.0/plug-ins/plugin-browser
Prelinking /usr/bin/wbmptopbm
Prelinking /usr/bin/desktop-file-install
Prelinking /usr/lib/rpm/rpmdb_dump
Prelinking /bin/pwd
Prelinking /usr/libexec/hald-addon-macbookpro-backlight
Prelinking /usr/bin/volname
Prelinking /usr/lib/gimp/2.0/plug-ins/CEL
Prelinking /usr/lib/libnal.so.1.0.1
Prelinking /usr/lib/libdistcache.so.1.0.1
Prelinking /usr/lib/libebt_ulog.so
/usr/sbin/prelink: Warning: /usr/lib/libebt_ulog.so has undefined non-weak symbols
Prelinking /usr/bin/ppmforge
Prelinking /usr/libexec/gconfd-2
Prelinking /usr/bin/mysqlcheck
Prelinking /usr/bin/411toppm
Prelinking /usr/bin/isdnconf
Prelinking /usr/bin/unprotoize
Prelinking /usr/bin/pgmtopbm
Prelinking /usr/lib/libck-connector.so.0.0.0
Prelinking /usr/bin/xinit
Prelinking /usr/bin/iconv
Prelinking /sbin/divalogd
Prelinking /usr/lib/libdes425.so.3.0
Prelinking /usr/lib/libkrb4.so.2.0
Prelinking /usr/bin/b2m
Prelinking /usr/bin/jwhois
Prelinking /usr/bin/lispmtopgm
Prelinking /usr/lib/libdistcacheserver.so.1.0.1
Prelinking /usr/bin/dc_server
Prelinking /lib/libutil-2.6.so
Prelinking /usr/bin/a2p
Prelinking /usr/bin/vncpasswd
Prelinking /usr/lib/pm-utils/bin/pm-pmu
Prelinking /usr/lib/libfontenc.so.1.0.0
Prelinking /usr/bin/mkfontscale
Prelinking /usr/lib/libgnomedb_parser-3.so.4.0.0
/usr/sbin/prelink: Warning: /usr/lib/libgnomedb_parser-3.so.4 has undefined non-weak symbols
Prelinking /usr/sbin/plainrsa-gen
Prelinking /usr/lib/rpm/rpmdb_deadlock
Prelinking /usr/lib/nss/unsupported-tools/vfyserv
Prelinking /usr/bin/pbmtoxbm
Prelinking /usr/bin/printf
Prelinking /usr/lib/gimp/2.0/plug-ins/lic
Prelinking /usr/sbin/repquota
Prelinking /usr/sbin/togglesebool
Prelinking /bin/cpio
Prelinking /sbin/ipppstats
Prelinking /usr/lib/gimp/2.0/plug-ins/fp
Prelinking /usr/sbin/pwck
Prelinking /usr/libexec/utempter/utempter
Prelinking /sbin/genhostid
Prelinking /usr/bin/sirtopnm
Prelinking /usr/bin/makedepend
Prelinking /usr/lib/libslang.so.2.0.7
Prelinking /usr/lib/libnewt.so.0.52.6
Prelinking /usr/bin/keyrand
Prelinking /usr/bin/faillog
Prelinking /usr/bin/zip
Prelinking /usr/bin/sasl2-sample-server
Prelinking /usr/bin/pbmtextps
Prelinking /usr/bin/users
Prelinking /usr/bin/ppmtoyuv
Prelinking /usr/bin/git-merge-base
Prelinking /lib/libblkid.so.1.0
Prelinking /bin/umount
Prelinking /usr/bin/ppm2tiff
Prelinking /usr/bin/pi1toppm
Prelinking /usr/bin/xrdb
Prelinking /usr/bin/ppmtopuzz
Prelinking /usr/libexec/gnome-keyring-ask
Prelinking /usr/bin/setleds
Prelinking /sbin/divaload
Prelinking /usr/bin/rawtopgm
Prelinking /usr/lib/libavahi-common.so.3.4.3
Prelinking /usr/sbin/avahi-dnsconfd
Prelinking /usr/libexec/hald-addon-acpi-buttons-toshiba
Prelinking /usr/bin/vmstat
Prelinking /usr/lib/rpm/rpmdb_load
Prelinking /usr/bin/pkcs11_setup
Prelinking /usr/lib/gimp/2.0/plug-ins/Lighting
Prelinking /bin/su
Prelinking /usr/bin/eu-elflint
Prelinking /usr/bin/pnminvert
Prelinking /usr/bin/rcsdiff
Prelinking /usr/bin/shuf
Prelinking /usr/bin/which
Prelinking /usr/lib/gimp/2.0/plug-ins/flarefx
Prelinking /usr/bin/whereis
Prelinking /usr/libexec/hald-probe-input
Prelinking /usr/bin/logname
Prelinking /usr/bin/gdk-pixbuf-query-loaders-32
Prelinking /sbin/slattach
Prelinking /usr/bin/uniq
Prelinking /usr/sbin/pppoe-discovery
Prelinking /usr/bin/makeinfo
Prelinking /usr/bin/chrt
Prelinking /usr/libexec/hal-system-power-pm-is-supported
Prelinking /usr/bin/ppmrough
Prelinking /sbin/fdisk
Prelinking /usr/bin/mac2unix
Prelinking /usr/lib/gimp/2.0/plug-ins/script-fu
Prelinking /usr/lib/liblink-grammar.so.4.2.2
Prelinking /usr/bin/grammar-parse
Prelinking /usr/bin/anthy-agent
Prelinking /usr/sbin/matchpathcon
Prelinking /usr/lib/libebtable_nat.so
/usr/sbin/prelink: Warning: /usr/lib/libebtable_nat.so has undefined non-weak symbols
Prelinking /usr/bin/lndir
Prelinking /usr/bin/pathchk
Prelinking /usr/bin/macptopbm
Prelinking /usr/bin/pbmtopi3
Prelinking /usr/lib/gimp/2.0/plug-ins/raw
Prelinking /bin/dbus-daemon
Prelinking /usr/bin/syslinux
Prelinking /usr/bin/tiffdump
Prelinking /usr/bin/pnmpsnr
Prelinking /usr/bin/leaftoppm
Prelinking /lib/libthread_db-1.0.so
/usr/sbin/prelink: Warning: /lib/libthread_db.so.1 has undefined non-weak symbols
Prelinking /usr/bin/gdbserver
Prelinking /usr/bin/pnmtopng
Prelinking /usr/bin/tload
Prelinking /usr/bin/pamditherbw
Prelinking /bin/unlink
Prelinking /usr/bin/makedb
Prelinking /usr/bin/bison
Prelinking /usr/bin/git-peek-remote
Prelinking /usr/lib/gimp/2.0/plug-ins/randomize
Prelinking /usr/sbin/testsaslauthd
Prelinking /usr/bin/pnmscalefixed
Prelinking /usr/lib/gimp/2.0/plug-ins/channel_mixer
Prelinking /usr/lib/rpm/rpmi
Prelinking /sbin/ppp-watch
Prelinking /usr/bin/pnmtosir
Prelinking /usr/sbin/lockdev
Prelinking /usr/bin/consolehelper
Prelinking /usr/bin/indent
Prelinking /usr/bin/pnmtosgi
Prelinking /bin/cut
Prelinking /usr/bin/db42_deadlock
Prelinking /usr/libexec/hald-addon-keyboard
Prelinking /usr/bin/oldrdist
Prelinking /usr/bin/stap
Prelinking /sbin/mkzonedb
Prelinking /usr/lib/libgsf-1.so.114.0.3
Prelinking /usr/bin/gsf-office-thumbnailer
Prelinking /usr/lib/libuser.so.1.1.8
Prelinking /usr/sbin/lnewusers
Prelinking /bin/dbus-cleanup-sockets
Prelinking /usr/bin/strip
Prelinking /sbin/rtmon
Prelinking /usr/lib/libebt_log.so
/usr/sbin/prelink: Warning: /usr/lib/libebt_log.so has undefined non-weak symbols
Prelinking /usr/bin/protoize
Prelinking /usr/lib/libscim-x11utils-1.0.so.8.1.0
Prelinking /usr/lib/libscim-gtkutils-1.0.so.8.1.0
Prelinking /usr/lib/scim-1.0/scim-panel-gtk
Prelinking /usr/bin/ld
Prelinking /usr/libexec/emacs/21.4/i686-redhat-linux-gnu/sorted-doc
Prelinking /usr/lib/libdhcp4client-3.0.5.so.0
Prelinking /usr/bin/grotty
Prelinking /usr/bin/xrestop
Prelinking /usr/bin/md5sum
Prelinking /lib/libpcre.so.0.0.1
Prelinking /usr/lib/libpcreposix.so.0.0.0
Prelinking /usr/sbin/convertquota
Prelinking /usr/bin/lchfn
Prelinking /usr/sbin/groupadd
Prelinking /usr/bin/unexpand
Prelinking /bin/setserial
Prelinking /usr/lib/libwvbase.so.4.2
Prelinking /usr/lib/libwvutils.so.4.2
Prelinking /usr/lib/libebt_mark.so
/usr/sbin/prelink: Warning: /usr/lib/libebt_mark.so has undefined non-weak symbols
Prelinking /usr/bin/bmptopnm
Prelinking /usr/lib/libcroco-0.6.so.3.0.1
Prelinking /bin/mail
Prelinking /usr/lib/libavahi-core.so.5.0.0
Prelinking /usr/sbin/avahi-daemon
Prelinking /usr/bin/ppmwheel
Prelinking /usr/bin/fstopgm
Prelinking /usr/bin/pamtopnm
Prelinking /usr/lib/libmagic.so.1.0.0
Prelinking /usr/lib/libnash.so.6.0.9
/usr/sbin/prelink: Warning: /usr/lib/libnash.so.6.0.9 has undefined non-weak symbols
Prelinking /usr/lib/libbdevid.so.6.0.9
Prelinking /usr/lib/libnl.so.1.0-pre5
Prelinking /usr/lib/libdhcp6client-0.10.so.0
Prelinking /usr/lib/libdhcp.so.1
Prelinking /sbin/nash
Prelinking /usr/bin/cxpm
Prelinking /usr/bin/getconf
Prelinking /sbin/mkswap
Prelinking /usr/bin/pnmgamma
Prelinking /usr/bin/pgmtofs
Prelinking /usr/lib/libebt_pkttype.so
/usr/sbin/prelink: Warning: /usr/lib/libebt_pkttype.so has undefined non-weak symbols
Prelinking /usr/bin/groff
Prelinking /usr/lib/libxslt.so.1.1.21
Prelinking /usr/lib/libXxf86vm.so.1.0.0
Prelinking /usr/lib/libpcap.so.0.9.5
Prelinking /sbin/mpath_prio_emc
Prelinking /usr/bin/cpp
Prelinking /usr/bin/isosize
Prelinking /usr/bin/resolveip
Prelinking /usr/lib/libcapi20.so.3.0.4
Prelinking /usr/bin/grops
Prelinking /usr/lib/liblftp-tasks.so.0.0.0
Prelinking /usr/lib/liblftp-jobs.so.0.0.0
Prelinking /usr/bin/lftp
Prelinking /usr/bin/cjpeg
Prelinking /usr/lib/libGL.so.1.2
Prelinking /usr/lib/libGLU.so.1.3.060502
Prelinking /usr/bin/mkfifo
Prelinking /usr/lib/libORBitCosNaming-2.so.0.1.0
Prelinking /usr/lib/libbonobo-activation.so.4.0.0
Prelinking /usr/lib/libbonobo-2.so.0.0.0
Prelinking /usr/libexec/bonobo-activation-server
Prelinking /usr/bin/nohup
Prelinking /sbin/pcbitctl
Prelinking /usr/bin/pamtopfm
Prelinking /usr/bin/qrttoppm
Prelinking /usr/lib/libIDL-2.so.0.0.0
Prelinking /usr/lib/firefox-1.5.0.10/xpidl
Prelinking /usr/bin/xdriinfo
Prelinking /usr/bin/pamgauss
Prelinking /usr/lib/gimp/2.0/plug-ins/gimpressionist
Prelinking /usr/bin/pbmtopsg3
Prelinking /usr/lib/libsysfs.so.2.0.1
Prelinking /sbin/multipath
Prelinking /sbin/getkey
Prelinking /usr/bin/sslswamp
Prelinking /sbin/ip
Prelinking /usr/bin/cmp
Prelinking /usr/bin/chsh
Prelinking /usr/lib/gimp/2.0/plug-ins/csource
Prelinking /usr/bin/gcj
Prelinking /usr/sbin/rdev
Prelinking /usr/bin/seq
Prelinking /usr/bin/chvt
Prelinking /usr/lib/gimp/2.0/plug-ins/mblur
Prelinking /usr/bin/winicontoppm
Prelinking /usr/lib/libxkbfile.so.1.0.2
Prelinking /usr/bin/xkbprint
Prelinking /usr/bin/lkbib
Prelinking /usr/sbin/lsof
Prelinking /sbin/mkfs
Prelinking /bin/taskset
Prelinking /usr/sbin/vipw
Prelinking /usr/bin/grn
Prelinking /usr/bin/git-pack-redundant
Prelinking /usr/lib/libmathview.so.0.7.6
Prelinking /usr/lib/libmathview_frontend_libxml2.so.0.7.6
Prelinking /usr/bin/newgrp
Prelinking /usr/bin/pgmtexture
Prelinking /sbin/ip6tables-save
Prelinking /usr/lib/rpm/rpmdb_printlog
Prelinking /usr/lib/libgamin-1.so.0.1.8
Prelinking /usr/lib/libgdasql.so.3.0.0
Prelinking /usr/lib/libgda-3.so.3.0.0
Prelinking /usr/lib/libhistory.so.5.2
Prelinking /usr/bin/gda-config-tool
Prelinking /usr/bin/gcc
Linking /usr/bin/i386-redhat-linux-gcc to /usr/bin/gcc
Prelinking /usr/lib/gimp/2.0/plug-ins/oilify
Prelinking /lib/libext2fs.so.2.4
Prelinking /lib/libe2p.so.2.3
Prelinking /lib/libss.so.2.0
Prelinking /sbin/debugfs
Prelinking /usr/lib/gimp/2.0/plug-ins/semiflatten
Prelinking /sbin/tc
Prelinking /usr/bin/pnmtorle
Prelinking /usr/bin/cal
Prelinking /usr/lib/libenchant.so.1.3.0
Prelinking /sbin/ifconfig
Prelinking /usr/lib/libebtc.so
Prelinking /usr/bin/pbmtoescp2
Prelinking /usr/bin/unix2dos
Prelinking /sbin/agetty
Prelinking /usr/bin/ots
Prelinking /usr/bin/pamtohtmltbl
Prelinking /sbin/isdnctrl
Prelinking /usr/lib/libart_lgpl_2.so.2.3.19
Prelinking /usr/lib/libgnomecanvas-2.so.0.1400.0
Prelinking /usr/lib/libavahi-glib.so.1.0.1
Prelinking /usr/lib/libavahi-client.so.3.2.2
Prelinking /usr/lib/libgnomevfs-2.so.0.1800.1
Prelinking /usr/lib/libesd.so.0.2.38
Prelinking /usr/lib/libgnome-2.so.0.1800.0
Prelinking /usr/lib/libbonoboui-2.so.0.0.0
Prelinking /usr/lib/libgnome-keyring.so.0.0.1
Prelinking /usr/lib/libgnomeui-2.so.0.1800.1
Prelinking /usr/lib/librsvg-2.so.2.16.1
Prelinking /usr/lib/libglade-2.0.so.0.0.7
Prelinking /usr/lib/libltdl.so.3.1.4
Prelinking /usr/lib/libguile.so.17.0.0
Prelinking /usr/bin/sol
Prelinking /usr/lib/gimp/2.0/plug-ins/screenshot
Prelinking /usr/bin/rename
Prelinking /usr/bin/pgmramp
Prelinking /usr/lib/gimp/2.0/plug-ins/sunras
Prelinking /sbin/quotacheck
Prelinking /usr/bin/procmail
Prelinking /sbin/chkconfig
Prelinking /usr/bin/sip
Prelinking /usr/lib/sa/sadc
Prelinking /usr/bin/gtk-update-icon-cache
Prelinking /sbin/kdump
Prelinking /usr/bin/indxbib
Prelinking /usr/bin/gdb
Prelinking /usr/bin/lchsh
Prelinking /usr/bin/isodebug
Prelinking /usr/bin/cvs
Prelinking /bin/gawk
Prelinking /usr/lib/gimp/2.0/plug-ins/borderaverage
Prelinking /usr/bin/grolbp
Prelinking /usr/lib/libXft.so.2.1.2
Prelinking /usr/lib/libutempter.so.1.1.4
Prelinking /usr/bin/xterm
Prelinking /lib/libdb-4.5.so
Prelinking /usr/lib/libgomp.so.1.0.0
Prelinking /usr/bin/ngettext
Prelinking /usr/bin/sputoppm
Prelinking /usr/bin/cytune
Prelinking /sbin/mpath_prio_hds_modular
Prelinking /sbin/divalog
Prelinking /usr/bin/activation-client
Prelinking /usr/lib/gimp/2.0/plug-ins/colorify
Prelinking /usr/bin/pgmmorphconv
Prelinking /usr/lib/gimp/2.0/plug-ins/gee
Prelinking /usr/lib/libmathview_backend_svg.so.0.7.6
/usr/sbin/prelink: Warning: /usr/lib/libmathview_backend_svg.so.0 has undefined non-weak symbols
Prelinking /usr/sbin/warnquota
Prelinking /sbin/ethtool
Prelinking /usr/lib/gimp/2.0/plug-ins/sgi
Prelinking /usr/lib/libexif.so.12.2.0
Prelinking /usr/bin/who
Prelinking /usr/lib/libgettextsrc-0.16.1.so
Prelinking /usr/bin/msgcat
Prelinking /usr/bin/git-ssh-push
Prelinking /usr/bin/ppmtopict
Prelinking /usr/bin/ppmtompeg
Prelinking /sbin/mkfs.cramfs
Prelinking /usr/bin/ppmtorgb3
Prelinking /sbin/kudzu
Prelinking /usr/lib/gimp/2.0/plug-ins/tiler
Prelinking /usr/bin/sum
Prelinking /usr/bin/mkmanifest
Prelinking /usr/bin/berkeley_db43_svc
Prelinking /usr/bin/jv-scan
Prelinking /usr/bin/gnome-keyring-daemon
Prelinking /sbin/loopctrl
Prelinking /usr/bin/mathmlsvg
Prelinking /usr/sbin/iconvconfig
Linking /usr/sbin/iconvconfig.i686 to /usr/sbin/iconvconfig
Prelinking /usr/bin/getent
Prelinking /usr/bin/hltest
Prelinking /usr/bin/unzip
Linking /usr/bin/zipinfo to /usr/bin/unzip
Prelinking /usr/bin/xmag
Prelinking /usr/bin/sha224sum
Prelinking /sbin/e2label
Linking /sbin/findfs to /sbin/e2label
Linking /sbin/tune2fs to /sbin/e2label
Prelinking /usr/bin/pbmtopgm
Prelinking /usr/bin/xmlwf
Prelinking /bin/sync
Prelinking /usr/bin/toc2cddb
Prelinking /lib/libattr.so.1.1.0
Prelinking /usr/bin/attr
Prelinking /usr/lib/gimp/2.0/plug-ins/wmf
Prelinking /usr/bin/gda-test
Prelinking /usr/bin/xlsatoms
Prelinking /sbin/quotaon
Prelinking /usr/lib/rpm/rpmdb_checkpoint
Prelinking /usr/bin/db42_checkpoint
Prelinking /usr/lib/libebt_802_3.so
/usr/sbin/prelink: Warning: /usr/lib/libebt_802_3.so has undefined non-weak symbols
Prelinking /usr/bin/free
Prelinking /usr/sbin/tunelp
Prelinking /usr/lib/libpython2.5.so.1.0
Prelinking /usr/bin/python2.5
Linking /usr/bin/python to /usr/bin/python2.5
Prelinking /sbin/pppoe-server
Prelinking /sbin/avmcapictrl
Prelinking /sbin/iptunnel
Prelinking /usr/bin/valgrind
Prelinking /usr/libexec/emacs/21.4/i686-redhat-linux-gnu/digest-doc
Prelinking /usr/bin/pbmmake
Prelinking /usr/lib/libdmraid.so.1.0.0.rc14
/usr/sbin/prelink: Warning: /usr/lib/libdmraid.so.1.0.0.rc14 has undefined non-weak symbols
Prelinking /sbin/dmraid
Prelinking /usr/bin/interdiff
Prelinking /usr/bin/wall
Prelinking /usr/bin/jsattach
Prelinking /usr/bin/pamtilt
Prelinking /usr/bin/xwud
Prelinking /usr/bin/pgmmake
Prelinking /usr/bin/pbmtoicon
Prelinking /usr/bin/myisampack
Prelinking /usr/lib/squid/smb_auth
Prelinking /usr/bin/ior-decode-2
Prelinking /usr/bin/setfattr
Prelinking /sbin/mpath_prio_netapp
Prelinking /usr/bin/pgmtoppm
Prelinking /usr/bin/dvd+rw-format
Prelinking /sbin/iptables-save
Prelinking /usr/lib/libwvstreams.so.4.2
Prelinking /usr/bin/wvdialconf
Prelinking /usr/bin/quota
Prelinking /usr/lib/gimp/2.0/plug-ins/nova
Prelinking /usr/bin/hal-get-property
Prelinking /sbin/dumpe2fs
Prelinking /usr/bin/xtrapreset
Prelinking /usr/bin/dvd+rw-mediainfo
Prelinking /usr/bin/gnomevfs-info
Prelinking /usr/bin/addftinfo
Prelinking /usr/bin/db42_archive
Prelinking /bin/dbus-monitor
Prelinking /usr/bin/signver
Prelinking /usr/bin/base64
Prelinking /usr/bin/renice
Prelinking /usr/bin/mesg
Prelinking /usr/lib/gimp/2.0/plug-ins/postscript
Prelinking /usr/bin/merge
Prelinking /usr/bin/setsid
Prelinking /usr/bin/fdformat
Prelinking /usr/libexec/hal-system-power-pmu
Prelinking /usr/bin/ppmtoneo
Prelinking /sbin/hdparm
Prelinking /usr/lib/libostyle.so.0.0.1
/usr/sbin/prelink: Warning: /usr/lib/libostyle.so.0 has undefined non-weak symbols
Prelinking /usr/lib/libospgrove.so.0.0.1
/usr/sbin/prelink: Warning: /usr/lib/libospgrove.so.0 has undefined non-weak symbols
Prelinking /usr/lib/libogrove.so.0.0.1
Prelinking /usr/bin/openjade
Prelinking /usr/bin/write
Prelinking /usr/bin/dc_test
Prelinking /usr/lib/libXxf86misc.so.1.1.0
Prelinking /usr/bin/cdrdao
Prelinking /usr/bin/db42_load
Prelinking /usr/libexec/hald-probe-storage
Prelinking /usr/bin/ident
Prelinking /usr/sbin/chroot
Prelinking /usr/bin/bzip2
Prelinking /usr/bin/rletopnm
Prelinking /usr/bin/pgmkernel
Prelinking /usr/bin/pnmpad
Prelinking /usr/bin/vboxbeep
Prelinking /usr/bin/ppmdim
Prelinking /usr/bin/pamfunc
Prelinking /usr/bin/resizecons
Prelinking /usr/bin/file-roller
Prelinking /usr/bin/floppy
Prelinking /usr/lib/rpm/rpmd
Prelinking /usr/libexec/getconf/POSIX_V6_ILP32_OFFBIG
Prelinking /usr/lib/libtk8.4.so
Prelinking /usr/sbin/grpck
Prelinking /usr/bin/isodump
Prelinking /sbin/blockdev
Prelinking /usr/lib/gimp/2.0/plug-ins/papertile
Prelinking /usr/libexec/gcc/i386-redhat-linux/4.1.1/jvgenmain
Prelinking /usr/bin/mgrtopbm
Prelinking /usr/bin/chcon
Prelinking /usr/lib/squid/ncsa_auth
Prelinking /usr/sbin/vpddecode
Prelinking /usr/lib/gettext/urlget
Prelinking /usr/lib/libXv.so.1.0.0
Prelinking /usr/libexec/hald-addon-acpi
Prelinking /usr/sbin/grpunconv
Prelinking /usr/bin/growisofs
Prelinking /usr/bin/pk12util
Prelinking /usr/bin/xkbwatch
Prelinking /lib/libiw.so.28
Prelinking /sbin/iwpriv
Prelinking /usr/bin/wmf2fig
Prelinking /usr/bin/column
Prelinking /usr/lib/gimp/2.0/plug-ins/exchange
Prelinking /usr/bin/git-merge-index
Prelinking /usr/lib/gimp/2.0/plug-ins/plasma
Prelinking /usr/sbin/dns-keygen
Prelinking /usr/bin/pbmmask
Prelinking /usr/bin/rpcgen
Prelinking /sbin/restore
Prelinking /usr/bin/xvinfo
Prelinking /lib/libauparse.so.0.0.0
/usr/sbin/prelink: Warning: /lib/libauparse.so.0 has undefined non-weak symbols
Prelinking /sbin/readahead-collector
Prelinking /usr/bin/ilbmtoppm
Prelinking /usr/libexec/hald-addon-cpufreq
Prelinking /usr/bin/tiffdither
Prelinking /sbin/setpci
Prelinking /usr/bin/rgb2ycbcr
Prelinking /usr/libexec/hald-addon-dell-backlight
Prelinking /usr/sbin/zic
Prelinking /usr/bin/anthy-dic-tool
Prelinking /usr/bin/guile
Prelinking /usr/bin/genisoimage
Prelinking /usr/lib/rpm/rpmdb_stat
Prelinking /usr/lib/libpangox-1.0.so.0.1600.4
Prelinking /usr/lib/libpangoxft-1.0.so.0.1600.4
Prelinking /usr/bin/pango-querymodules-32
Prelinking /sbin/lsmod
Prelinking /usr/bin/gimp-remote-2.2
Prelinking /usr/libexec/hald-probe-volume
Prelinking /usr/bin/spctoppm
Prelinking /usr/bin/gnomine
Prelinking /usr/sbin/irqbalance
Prelinking /usr/bin/pnmtopalm
Prelinking /usr/bin/vboxctrl
Prelinking /bin/grep
Prelinking /usr/bin/pstree
Prelinking /usr/lib/libusb-0.1.so.4.4.4
Prelinking /usr/libexec/hald-addon-usb-csr
Prelinking /usr/bin/tiff2bw
Prelinking /usr/bin/tifftopnm
Prelinking /usr/bin/pamlookup
Prelinking /usr/lib/gimp/2.0/plug-ins/scatter_hsv
Prelinking /usr/bin/rsvg-convert
Prelinking /usr/lib/libncursesw.so.5.6
Prelinking /usr/bin/nano
Prelinking /usr/bin/pgmtopgm
Prelinking /lib/libacl.so.1.1.0
Prelinking /usr/bin/getfacl
Prelinking /usr/bin/dircolors
Prelinking /usr/bin/fax2tiff
Prelinking /usr/bin/modutil
Prelinking /usr/bin/xconsole
Prelinking /usr/bin/psresize
Prelinking /usr/lib/perl5/5.8.8/i386-linux-thread-multi/CORE/libperl.so
Prelinking /usr/bin/perl
Linking /usr/bin/perl5.8.8 to /usr/bin/perl
Prelinking /usr/bin/raw2tiff
Prelinking /usr/lib/libXtst.so.6.1.0
Prelinking /usr/lib/gimp/2.0/plug-ins/neon
Prelinking /usr/sbin/ss
Prelinking /usr/bin/db43_checkpoint
Prelinking /usr/bin/gnomevfs-rm
Prelinking /usr/bin/pnmtopclxl
Prelinking /usr/lib/gimp/2.0/plug-ins/psd
Prelinking /usr/bin/openvt
Prelinking /usr/bin/mdatopbm
Prelinking /usr/bin/gnomevfs-ls
Prelinking /usr/bin/snice
Linking /usr/bin/skill to /usr/bin/snice
Prelinking /usr/bin/pamscale
Prelinking /usr/lib/gimp/2.0/plug-ins/snoise
Prelinking /usr/lib/gimp/2.0/plug-ins/png
Prelinking /usr/bin/xsetroot
Prelinking /sbin/modinfo
Prelinking /usr/bin/pnmtoddif
Prelinking /usr/bin/git-daemon
Prelinking /usr/bin/cmuwmtopbm
Prelinking /usr/lib/libscrollkeeper.so.0.0.0
Prelinking /usr/bin/scrollkeeper-install
Prelinking /usr/bin/pamstack
Prelinking /usr/lib/gimp/2.0/plug-ins/gradmap
Prelinking /usr/bin/sha384sum
Prelinking /usr/lib/gimp/2.0/plug-ins/pnm
Prelinking /usr/bin/ppmtoxpm
Prelinking /usr/lib/gimp/2.0/plug-ins/xwd
Prelinking /usr/bin/gctags
Prelinking /usr/bin/uptime
Prelinking /usr/lib/gimp/2.0/plug-ins/photocopy
Prelinking /usr/bin/myisamlog
Prelinking /usr/bin/pamrgbatopng
Prelinking /usr/bin/mysql_config
Prelinking /usr/bin/blackjack
Prelinking /usr/sbin/useradd
Prelinking /usr/bin/scrollkeeper-preinstall
Prelinking /usr/bin/troff
Prelinking /usr/libexec/hald-probe-pc-floppy
Prelinking /usr/bin/x11perf
Prelinking /usr/bin/iceauth
Prelinking /bin/ping6
Prelinking /usr/bin/post-grohtml
Prelinking /usr/bin/pal2rgb
Prelinking /usr/lib/squid/pam_auth
Prelinking /usr/bin/runcon
Prelinking /usr/sbin/groupmod
Prelinking /usr/bin/jcf-dump
Prelinking /usr/bin/pamtojpeg2k
Prelinking /usr/sbin/ntsysv
Prelinking /usr/lib/gimp/2.0/plug-ins/FractalExplorer
Prelinking /usr/bin/gtali
Prelinking /usr/bin/ppmglobe
Prelinking /usr/bin/dvd-ram-control
Prelinking /usr/bin/msgattrib
Prelinking /usr/bin/ras2tiff
Prelinking /usr/bin/ppmtv
Prelinking /usr/lib/libXfontcache.so.1.0.0
Prelinking /usr/bin/xset
Prelinking /usr/bin/desktop-file-validate
Prelinking /bin/arch
Prelinking /usr/bin/ppmdraw
Prelinking /usr/lib/gimp/2.0/plug-ins/psd_save
Prelinking /usr/bin/dos2unix
Prelinking /usr/bin/ebrowse
Prelinking /usr/bin/myisamchk
Prelinking /usr/bin/xrefresh
Prelinking /bin/sort
Prelinking /usr/libexec/awk/pwcat
Prelinking /usr/lib/squid/cachemgr.cgi
Prelinking /usr/sbin/userhelper
Prelinking /usr/bin/pgmnoise
Prelinking /usr/bin/git-send-pack
Prelinking /sbin/e2image
Prelinking /usr/lib/firefox-1.5.0.10/xpt_link
Prelinking /usr/libexec/hald-probe-printer
Prelinking /bin/ps
Prelinking /usr/bin/pamtotga
Prelinking /usr/bin/pnmnorm
Prelinking /usr/lib/gimp/2.0/plug-ins/bumpmap
Prelinking /usr/lib/libgpg-error.so.0.3.0
Prelinking /usr/bin/gpg-error
Prelinking /usr/bin/tiffinfo
Prelinking /bin/mv
Prelinking /usr/sbin/zdump
Prelinking /usr/bin/pamperspective
Prelinking /usr/bin/wodim
Prelinking /usr/bin/mysqltest
Prelinking /usr/bin/gobject-query
Prelinking /usr/lib/gimp/2.0/plug-ins/noisify
Prelinking /usr/sbin/racoon
Prelinking /usr/bin/pnmmontage
Prelinking /usr/sbin/tmpwatch
Prelinking /usr/lib/libcrack.so.2.8.0
Prelinking /usr/sbin/cracklib-check
Prelinking /usr/lib/libgcrypt.so.11.2.3
Prelinking /usr/bin/pbmtext
Prelinking /usr/bin/tiff2ps
Prelinking /usr/bin/cmsutil
Prelinking /bin/vi
Prelinking /usr/bin/db43_upgrade
Prelinking /usr/bin/db42_stat
Prelinking /usr/bin/mbchk
Prelinking /bin/ls
Prelinking /usr/bin/csslint-0.6
Prelinking /sbin/rmt
Prelinking /usr/libexec/hald-probe-hiddev
Prelinking /usr/bin/ospcat
Prelinking /usr/bin/ascii-xfr
Prelinking /usr/bin/xbiff
Prelinking /bin/rm
Prelinking /usr/bin/diff3
Prelinking /usr/bin/xmlcatalog
Prelinking /usr/bin/same-gnome
Prelinking /usr/bin/zipcloak
Prelinking /bin/ln
Prelinking /usr/bin/pgmhist
Prelinking /usr/bin/git-convert-objects
Prelinking /usr/lib/gimp/2.0/plug-ins/film
Prelinking /usr/lib/gimp/2.0/plug-ins/fits
Prelinking /usr/lib/libfribidi.so.0.0.0
Prelinking /usr/bin/spamc
Prelinking /usr/bin/pammasksharpen
Prelinking /usr/lib/liblber-2.3.so.0.2.22
Prelinking /usr/lib/libldap-2.3.so.0.2.22
Prelinking /usr/lib/squid/squid_ldap_auth
Prelinking /usr/lib/gimp/2.0/plug-ins/polar
Prelinking /usr/bin/sessreg
Prelinking /usr/bin/imgtoppm
Prelinking /sbin/partprobe
Prelinking /usr/bin/gnibbles
Prelinking /usr/sbin/fbset
Prelinking /usr/bin/ppmrelief
Prelinking /sbin/pppoe
Prelinking /usr/bin/pamtoxvmini
Prelinking /usr/bin/lastlog
Prelinking /usr/sbin/usermod
Prelinking /usr/bin/git-unpack-file
Prelinking /usr/bin/pbmclean
Prelinking /bin/chmod
Prelinking /usr/bin/sadf
Prelinking /usr/bin/ppmtolj
Prelinking /usr/lib/gimp/2.0/plug-ins/compressor
Prelinking /usr/sbin/mklost+found
Prelinking /usr/bin/zipnote
Prelinking /usr/bin/readelf
Prelinking /bin/mknod
Prelinking /sbin/fsck
Prelinking /usr/bin/fold
Prelinking /usr/bin/gdk-pixbuf-csource
Prelinking /usr/bin/scrollkeeper-get-cl
Prelinking /usr/bin/ppmtopj
Prelinking /usr/bin/zeisstopnm
Prelinking /usr/bin/cscope
Prelinking /usr/libexec/emacs/21.4/i686-redhat-linux-gnu/hexl
Prelinking /usr/bin/pgmdeshadow
Prelinking /usr/bin/strace
Prelinking /usr/bin/xkbcomp
Prelinking /usr/lib/gimp/2.0/plug-ins/grid
Prelinking /usr/lib/gimp/2.0/plug-ins/imagemap
Prelinking /usr/bin/xmessage
Prelinking /usr/sbin/setenforce
Prelinking /bin/bash
Prelinking /bin/dbus-send
Prelinking /usr/bin/msgen
Prelinking /usr/lib/gimp/2.0/plug-ins/ripple
Prelinking /usr/lib/squid/squid_ldap_group
Prelinking /usr/sbin/logrotate
Prelinking /usr/libexec/hal-storage-mount
Prelinking /usr/bin/msgfmt
Prelinking /usr/bin/objcopy
Prelinking /usr/bin/pfmtopam
Prelinking /usr/bin/ttmkfdir
Prelinking /usr/bin/gnotski
Prelinking /usr/bin/col
Prelinking /usr/bin/tiffcmp
Prelinking /sbin/capiinit
Prelinking /sbin/initlog
Prelinking /usr/lib/libtcl8.4.so
Prelinking /usr/bin/wish8.4
Prelinking /usr/bin/pbmto10x
Prelinking /usr/bin/clear
Prelinking /sbin/route
Prelinking /usr/bin/rsync
Prelinking /sbin/ctrlaltdel
Prelinking /usr/bin/pnmcrop
Prelinking /usr/bin/scim-config-agent
Prelinking /usr/lib/libgimpthumb-2.0.so.0.200.13
Prelinking /usr/bin/gimp-2.2
Prelinking /usr/sbin/cracklib-unpacker
Prelinking /usr/libexec/hal-storage-unmount
Prelinking /usr/bin/revpath
Prelinking /usr/libexec/hald-probe-serial
Prelinking /usr/bin/idn
Prelinking /usr/bin/brushtopbm
Prelinking /sbin/mii-diag
Prelinking /usr/bin/rcsmerge
Prelinking /usr/bin/cksum
Prelinking /usr/bin/flock
Prelinking /usr/bin/mysqltestmanagerc
Prelinking /usr/bin/pbmtoln03
Prelinking /usr/bin/tiffsplit
Prelinking /usr/bin/apm
Prelinking /usr/bin/wvdial
Prelinking /usr/bin/rediff
Prelinking /usr/bin/tfmtodit
Prelinking /sbin/shutdown
Prelinking /usr/sbin/ownership
Prelinking /usr/bin/dir
Prelinking /usr/lib/gimp/2.0/plug-ins/pagecurl
Prelinking /usr/bin/gemtopnm
Prelinking /usr/lib/libebt_stp.so
/usr/sbin/prelink: Warning: /usr/lib/libebt_stp.so has undefined non-weak symbols
Prelinking /usr/bin/pamtodjvurle
Prelinking /sbin/iwconfig
Prelinking /usr/sbin/pwunconv
Prelinking /usr/bin/toe
Prelinking /usr/bin/last
Prelinking /usr/lib/libebtable_broute.so
/usr/sbin/prelink: Warning: /usr/lib/libebtable_broute.so has undefined non-weak symbols
Prelinking /bin/kill
Prelinking /usr/bin/fc-match
Prelinking /usr/bin/pic
Prelinking /usr/bin/gnect
Prelinking /usr/bin/glade-2
Prelinking /usr/lib/liblzo2.so.2.0.0
Prelinking /usr/sbin/openvpn
Prelinking /usr/bin/tic
Prelinking /usr/lib/nss/unsupported-tools/tstclnt
Prelinking /usr/bin/pbmtoibm23xx
Prelinking /usr/bin/tla
Prelinking /usr/bin/tbl
Prelinking /usr/libexec/emacs/21.4/i686-redhat-linux-gnu/movemail
Prelinking /usr/bin/pamsplit
Prelinking /sbin/runlevel
Prelinking /usr/bin/tac
Prelinking /usr/bin/time
Prelinking /usr/bin/look
Prelinking /usr/bin/deallocvt
Prelinking /usr/bin/pamchannel
Prelinking /bin/date
Prelinking /usr/bin/perror
Prelinking /usr/bin/showrgb
Prelinking /usr/lib/squid/ntlm_auth
Prelinking /usr/lib/libebt_arpreply.so
/usr/sbin/prelink: Warning: /usr/lib/libebt_arpreply.so has undefined non-weak symbols
Prelinking /usr/bin/jscal
Prelinking /usr/sbin/selinuxenabled
Prelinking /usr/bin/top
Prelinking /usr/libexec/hal-storage-cleanup-all-mountpoints
Prelinking /sbin/mpath_prio_tpc
Prelinking /usr/bin/shred
Prelinking /usr/bin/pax
Prelinking /usr/bin/fribidi
Prelinking /usr/lib/gimp/2.0/plug-ins/dog
Prelinking /usr/bin/gencat
Prelinking /usr/bin/certwatch
Prelinking /usr/bin/ppmddumpfont
Prelinking /usr/bin/ssltap
Prelinking /usr/lib/liblua-5.1.so
/usr/sbin/prelink: Warning: /usr/lib/liblua-5.1.so has undefined non-weak symbols
Prelinking /usr/bin/lua
Prelinking /usr/lib/libexslt.so.0.8.13
Prelinking /usr/bin/git-mktag
Prelinking /sbin/sulogin
Prelinking /usr/bin/xlogo
Prelinking /usr/bin/dc_snoop
Prelinking /usr/bin/doxygen
Prelinking /usr/bin/osgmlnorm
Prelinking /usr/lib/gimp/2.0/plug-ins/mail
Prelinking /usr/bin/xpr
Prelinking /usr/bin/whoami
Prelinking /usr/bin/ppmtoppm
Prelinking /usr/bin/cvsps
Prelinking /usr/lib/gimp/2.0/plug-ins/maze
Prelinking /usr/bin/lookbib
Prelinking /usr/bin/xcursorgen
Prelinking /usr/bin/git-imap-send
Prelinking /bin/ipcalc
Prelinking /usr/lib/libcdda_interface.so.0.9.8
Prelinking /usr/lib/libcdda_paranoia.so.0.9.8
Prelinking /usr/bin/cdparanoia
Prelinking /usr/sbin/lighttpd
Prelinking /usr/bin/xfd
Prelinking /usr/bin/rcsclean
Prelinking /sbin/kpartx
Prelinking /usr/libexec/gnome_segv2
Prelinking /usr/bin/recode-sr-latin
Prelinking /usr/sbin/tcpdump
Prelinking /usr/lib/nss/unsupported-tools/btoa
Prelinking /usr/libexec/ck-get-x11-server-pid
Prelinking /usr/bin/db43_recover
Prelinking /usr/bin/spottopgm
Prelinking /usr/bin/xkbbell
Prelinking /bin/mount
Prelinking /usr/bin/msgcomm
Prelinking /usr/bin/g3topbm
Prelinking /usr/bin/xxd
Prelinking /usr/bin/pcretest
Prelinking /usr/lib/gimp/2.0/plug-ins/animoptimize
Prelinking /usr/bin/watch
Prelinking /usr/bin/glxgears
Prelinking /usr/lib/gimp/2.0/plug-ins/illusion
Prelinking /usr/lib/gimp/2.0/plug-ins/gflare
Prelinking /usr/bin/ppmtoyuvsplit
Prelinking /usr/lib/libFS.so.6.0.0
Prelinking /usr/lib/libXfont.so.1.4.1
Prelinking /usr/bin/xfs
Prelinking /usr/sbin/callback
Prelinking /sbin/plipconfig
Prelinking /usr/bin/pnmtile
Prelinking /usr/lib/gimp/2.0/plug-ins/animationplay
Prelinking /usr/bin/ptx
Prelinking /usr/bin/mysql_tzinfo_to_sql
Prelinking /usr/bin/wmf2eps
Prelinking /usr/bin/bzip2recover
Prelinking /sbin/vboxd
Prelinking /sbin/addpart
Prelinking /usr/bin/crash
Prelinking /usr/bin/toc2cue
Prelinking /usr/lib/libgnutls.so.13.0.10
Prelinking /usr/bin/pbmtocmuwm
Prelinking /usr/bin/grolj4
Prelinking /usr/bin/scrollkeeper-gen-seriesid
Prelinking /usr/bin/unzipsfx
Prelinking /usr/bin/pamsumm
Prelinking /usr/bin/pbmupc
Prelinking /usr/sbin/lchage
Prelinking /usr/bin/hal-is-caller-locked-out
Prelinking /usr/bin/x0vncserver
Prelinking /usr/lib/gimp/2.0/plug-ins/spread
Prelinking /usr/lib/libebt_standard.so
/usr/sbin/prelink: Warning: /usr/lib/libebt_standard.so has undefined non-weak symbols
Prelinking /usr/bin/pnmscale
Prelinking /sbin/arp
Prelinking /usr/bin/sudo
Linking /usr/bin/sudoedit to /usr/bin/sudo
Prelinking /usr/sbin/bonobo-activation-sysconf
Prelinking /usr/bin/dbus-launch
Prelinking /usr/bin/mysql
Prelinking /usr/bin/psfxtable
Prelinking /usr/bin/gnomevfs-mv
Prelinking /usr/libexec/emacs/21.4/i686-redhat-linux-gnu/fakemail
Prelinking /usr/bin/killall
Prelinking /usr/lib/gimp/2.0/plug-ins/autostretch_hsv
Prelinking /usr/bin/ppmcolors
Prelinking /usr/libexec/gcc/i386-redhat-linux/4.1.1/collect2
Prelinking /usr/bin/tiff2pdf
Prelinking /sbin/ether-wake
Prelinking /usr/bin/onsgmls
Prelinking /usr/bin/ddbugtopbm
Prelinking /usr/bin/xload
Prelinking /usr/bin/update-mime-database
Prelinking /usr/bin/lsattr
Prelinking /usr/lib/gimp/2.0/plug-ins/newsprint
Prelinking /usr/bin/scrollkeeper-uninstall
Prelinking /usr/lib/gimp/2.0/plug-ins/dicom
Prelinking /usr/bin/ionice
Prelinking /usr/bin/xgamma
Prelinking /usr/bin/xclock
Prelinking /usr/bin/mysql_waitpid
Prelinking /usr/libexec/hald-generate-fdi-cache
Prelinking /usr/bin/x86_64
Linking /usr/bin/setarch to /usr/bin/x86_64
Linking /usr/bin/linux64 to /usr/bin/x86_64
Linking /usr/bin/i386 to /usr/bin/x86_64
Linking /usr/bin/linux32 to /usr/bin/x86_64
Prelinking /usr/sbin/rdistd
Prelinking /usr/bin/pampick
Prelinking /usr/bin/localedef
Prelinking /usr/bin/lockfile
Prelinking /usr/bin/xkbevd
Prelinking /usr/lib/gimp/2.0/plug-ins/video
Prelinking /usr/lib/rpm/rpmdb_upgrade
Prelinking /usr/lib/gimp/2.0/plug-ins/depthmerge
Prelinking /bin/mktemp
Prelinking /usr/bin/pammixinterlace
Prelinking /usr/bin/psnup
Prelinking /usr/bin/msgconv
Prelinking /bin/rpm
Prelinking /usr/lib/gimp/2.0/plug-ins/header
Prelinking /usr/bin/xkill
Prelinking /usr/lib/rpm/rpmdb_svc
Prelinking /usr/libexec/awk/grcat
Prelinking /usr/bin/capifaxrcvd
Prelinking /usr/bin/mrftopbm
Prelinking /usr/bin/test-moniker
Prelinking /usr/bin/pnmcat
Prelinking /usr/bin/xev
Prelinking /usr/bin/yuvtoppm
Prelinking /sbin/umount.cifs
Prelinking /usr/bin/certutil
Prelinking /usr/bin/tty
Prelinking /usr/bin/innochecksum
Prelinking /usr/bin/pbmtogem
Prelinking /usr/lib/gimp/2.0/plug-ins/displace
Prelinking /usr/bin/setfacl
Prelinking /usr/lib/rpm/rpmb
Prelinking /usr/lib/gimp/2.0/plug-ins/CML_explorer
Prelinking /usr/bin/setmetamode
Prelinking /usr/lib/gimp/2.0/plug-ins/destripe
Prelinking /usr/bin/xtrapstats
Prelinking /usr/lib/gimp/2.0/plug-ins/wind
Prelinking /usr/lib/firefox-1.5.0.10/xpicleanup
Prelinking /usr/bin/ppmtoicr
Prelinking /usr/bin/oparchive
Prelinking /usr/lib/libgda-report-3.so.3.0.0
Prelinking /sbin/dmsetup
Prelinking /usr/lib/rpm/rpmdb_archive
Prelinking /usr/bin/pampop9
Prelinking /usr/sbin/groupmems
Prelinking /usr/sbin/saslauthd
Prelinking /sbin/nameif
Prelinking /usr/bin/eu-elfcmp
Prelinking /usr/bin/colrm
Prelinking /usr/lib/libpanel.so.5.6
Prelinking /usr/lib/libebtable_filter.so
/usr/sbin/prelink: Warning: /usr/lib/libebtable_filter.so has undefined non-weak symbols
Prelinking /usr/bin/hal-find-by-capability
Prelinking /usr/lib/gimp/2.0/plug-ins/uniteditor
Prelinking /usr/sbin/chkfontpath
Prelinking /usr/bin/mouse-test
Prelinking /usr/bin/ppmtomitsu
Prelinking /usr/lib/gimp/2.0/plug-ins/fractaltrace
Prelinking /sbin/pivot_root
Prelinking /usr/sbin/lgroupdel
Prelinking /sbin/iptables
Prelinking /usr/bin/man2html
Prelinking /usr/lib/gimp/2.0/plug-ins/sample_colorize
Prelinking /usr/bin/git-receive-pack
Prelinking /usr/lib/gimp/2.0/plug-ins/svg
Prelinking /usr/lib/gimp/2.0/plug-ins/normalize
Prelinking /usr/bin/pbmtobbnbg
Prelinking /usr/lib/gimp/2.0/plug-ins/gtm
Prelinking /sbin/swapon
Prelinking /usr/bin/pkg-config
Prelinking /usr/bin/slabtop
Prelinking /usr/lib/nss/unsupported-tools/pp
Prelinking /usr/sbin/smartctl
Prelinking /sbin/delpart
Prelinking /usr/bin/vbox
Prelinking /usr/bin/xmodmap
Prelinking /usr/lib/nss/unsupported-tools/vfychain
Prelinking /sbin/rmmod
Prelinking /usr/lib/gimp/2.0/plug-ins/warp
Prelinking /sbin/pam_tally2
Prelinking /bin/false
Prelinking /usr/bin/vdir
Prelinking /usr/bin/pbmtoybm
Prelinking /usr/bin/bioradtopgm
Prelinking /usr/bin/gnotravex
Prelinking /bin/cat
Prelinking /usr/bin/luit
Prelinking /sbin/ifrename
Prelinking /usr/bin/ppmspread
Prelinking /usr/bin/jpeg2ktopam
Prelinking /usr/bin/xpmtoppm
Prelinking /usr/bin/hpftodit
Prelinking /usr/lib/gimp/2.0/plug-ins/gif
Prelinking /usr/lib/gimp/2.0/plug-ins/blur
Prelinking /usr/lib/gimp/2.0/plug-ins/edge
Prelinking /sbin/umount.hal
Prelinking /bin/traceroute
Prelinking /usr/bin/tset
Prelinking /usr/bin/gnomevfs-monitor
Prelinking /usr/bin/eu-strip
Prelinking /usr/bin/isovfy
Prelinking /usr/bin/addr2line
Prelinking /usr/bin/sha256sum
Prelinking /usr/bin/db43_printlog
Prelinking /sbin/iptables-restore
Prelinking /usr/lib/gimp/2.0/plug-ins/gih
Prelinking /sbin/grubby
Prelinking /usr/lib/gimp/2.0/plug-ins/autocrop
Prelinking /usr/bin/fc-cat
Prelinking /usr/bin/lshal
Prelinking /usr/lib/gimp/2.0/plug-ins/gauss
Prelinking /usr/bin/ppmtoarbtxt
Prelinking /usr/bin/rsvg-view
Prelinking /usr/lib/gimp/2.0/plug-ins/spheredesigner
Prelinking /usr/bin/hexdump
Prelinking /usr/lib/gimp/2.0/plug-ins/waves
Prelinking /usr/bin/logger
Prelinking /usr/lib/libgmime-2.0.so.2.2.3
Prelinking /usr/bin/ppmshift
Prelinking /usr/bin/dc_client
Prelinking /usr/bin/fonttosfnt
Prelinking /bin/echo
Prelinking /usr/bin/hal-device
Prelinking /bin/sed
Prelinking /usr/bin/ppmtopcx
Prelinking /usr/bin/xstdcmap
Prelinking /sbin/blkid
Prelinking /usr/bin/hdifftopam
Prelinking /usr/bin/printenv
Prelinking /usr/bin/lessecho
Prelinking /usr/bin/lastcomm
Prelinking /usr/bin/pnmcut
Prelinking /usr/bin/mtools
Prelinking /usr/bin/ppmpat
Prelinking /usr/lib/libebt_among.so
/usr/sbin/prelink: Warning: /usr/lib/libebt_among.so has undefined non-weak symbols
Prelinking /usr/bin/gataxx
Prelinking /usr/bin/fitstopnm
Prelinking /sbin/partx
Prelinking /usr/bin/ppmmix
Prelinking /usr/sbin/smartd
Prelinking /usr/lib/libebt_mark_m.so
/usr/sbin/prelink: Warning: /usr/lib/libebt_mark_m.so has undefined non-weak symbols
Prelinking /usr/bin/ac
Prelinking /usr/bin/xtrapchar
Prelinking /usr/bin/typelib-dump
Prelinking /sbin/vconfig
Prelinking /usr/bin/dc
Prelinking /usr/bin/pnmhisteq
Prelinking /usr/sbin/avcstat
Prelinking /usr/bin/scim-make-table
Prelinking /usr/bin/wrjpgcom
Prelinking /usr/bin/rdate
Prelinking /usr/bin/dvd+rw-booktype
Prelinking /usr/bin/bc
Prelinking /usr/bin/xtrapout
Prelinking /usr/bin/gdbtui
Prelinking /usr/bin/pamtouil
Prelinking /usr/bin/ppmflash
Prelinking /usr/bin/msgcmp
Prelinking /usr/bin/readlink
Prelinking /usr/libexec/hald-addon-macbook-backlight
Prelinking /usr/bin/msgexec
Prelinking /usr/sbin/anacron
Prelinking /usr/bin/msgunfmt
Prelinking /usr/bin/join
Prelinking /sbin/iprofd
Prelinking /usr/lib/gimp/2.0/plug-ins/tileit
Prelinking /usr/lib/gimp/2.0/plug-ins/vpropagate
Prelinking /usr/bin/nc
Prelinking /sbin/multipathd
Prelinking /usr/bin/gif2tiff
Prelinking /usr/bin/gnome-db-test-parser
Prelinking /usr/bin/split
Prelinking /usr/bin/as
Prelinking /usr/bin/pbmtowbmp
Prelinking /usr/bin/id
Prelinking /usr/bin/ar
Prelinking /usr/bin/co
Prelinking /usr/lib/gimp/2.0/plug-ins/decompose
Prelinking /usr/bin/mcookie
Prelinking /usr/bin/pbmtolj
Prelinking /usr/bin/xgettext
Prelinking /usr/sbin/quotastats
Prelinking /usr/bin/eu-ranlib
Prelinking /usr/bin/gcov
Prelinking /lib/security/pam_ccreds.so
Prelinking /usr/sbin/cc_test
Prelinking /sbin/microcode_ctl
Prelinking /usr/bin/scrollkeeper-update
Prelinking /usr/bin/pbmtopk
Prelinking /usr/bin/git-local-fetch
Prelinking /usr/bin/pamdeinterlace
Prelinking /bin/env
Prelinking /usr/bin/pbmtox10bm
Prelinking /usr/bin/msguniq
Prelinking /usr/bin/git-index-pack
Prelinking /usr/libexec/hald-probe-smbios
Prelinking /usr/bin/ppmtoacad
Prelinking /usr/bin/xwdtopnm
Prelinking /usr/bin/ppmlabel
Prelinking /usr/lib/libhesiod.so.0.0.0
Prelinking /usr/bin/pbmpscale
Prelinking /usr/bin/epsffit
Prelinking /usr/sbin/wpa_cli
Prelinking /sbin/iwevent
Prelinking /usr/lib/scim-1.0/scim-helper-launcher
Prelinking /usr/bin/eu-readelf
Prelinking /usr/bin/resolve_stack_dump
Prelinking /usr/sbin/gptsync
Prelinking /usr/bin/crontab
Prelinking /usr/lib/gimp/2.0/plug-ins/gbr
Prelinking /usr/bin/pango-view
Prelinking /usr/bin/msgmerge
Prelinking /usr/bin/resize
Prelinking /usr/bin/xcutsel
Prelinking /usr/bin/ul
Prelinking /usr/bin/jpegtopnm
Prelinking /usr/bin/openssl
Prelinking /usr/sbin/getenforce
Prelinking /usr/lib/gimp/2.0/plug-ins/vinvert
Prelinking /bin/hostname
Prelinking /usr/bin/db43_load
Prelinking /usr/bin/fetchmail
Prelinking /usr/bin/mysqlimport
Prelinking /usr/bin/showkey
Prelinking /usr/lib/gimp/2.0/plug-ins/c_astretch
Prelinking /usr/lib/gimp/2.0/plug-ins/cubism
Prelinking /usr/bin/git-upload-pack
Prelinking /usr/libexec/hal-storage-eject
Prelinking /usr/bin/csplit
Prelinking /usr/bin/od
Prelinking /usr/bin/pbmpage
Prelinking /usr/sbin/luserdel
Prelinking /bin/dbus-uuidgen
Prelinking /sbin/killall5
Prelinking /usr/bin/nl
Prelinking /usr/bin/pgmtolispm
Prelinking /usr/bin/eu-ar
Prelinking /usr/bin/nm
Prelinking /usr/lib/gimp/2.0/plug-ins/threshold_alpha
Prelinking /usr/bin/pamendian
Prelinking /usr/sbin/hddtemp
Prelinking /usr/bin/pnmpaste
Prelinking /usr/bin/opannotate
Prelinking /usr/bin/pbmtog3
Prelinking /usr/bin/makestrs
Prelinking /sbin/grub
Prelinking /usr/bin/sx
Linking /usr/bin/sz to /usr/bin/sx
Linking /usr/bin/sb to /usr/bin/sx
Prelinking /usr/bin/pbmtomacp
Prelinking /usr/sbin/pppdump
Prelinking /usr/sbin/inputattach
Prelinking /usr/bin/mtvtoppm
Prelinking /usr/lib/libcurl.so.4.0.0
Prelinking /usr/bin/atktopbm
Prelinking /usr/bin/db42_recover
Prelinking /usr/bin/zipsplit
Prelinking /usr/bin/stat
Prelinking /usr/libexec/hald-probe-ieee1394-unit
Prelinking /sbin/isdnlog
Prelinking /usr/bin/pamstretch
Prelinking /usr/lib/gimp/2.0/plug-ins/laplace
Prelinking /sbin/resize2fs
Prelinking /usr/lib/gimp/2.0/plug-ins/mapcolor
Prelinking /bin/chown
Prelinking /usr/bin/git-ssh-fetch
Prelinking /sbin/runuser
Prelinking /usr/lib/nss/unsupported-tools/shlibsign
Prelinking /usr/bin/tr
Prelinking /usr/lib/gimp/2.0/plug-ins/sharpen
Prelinking /usr/bin/pgmmedian
Prelinking /usr/lib/syslinux/syslinux-nomtools
Prelinking /usr/bin/wc
Prelinking /usr/libexec/gcc/i386-redhat-linux/4.1.1/cc1
Prelinking /sbin/pppoe-relay
Prelinking /usr/bin/diffstat
Prelinking /usr/sbin/getpcaps
Prelinking /usr/bin/mysqlbug
Prelinking /usr/sbin/kbdrate
Prelinking /usr/bin/pbmtozinc
Prelinking /usr/bin/chfn
Prelinking /usr/bin/fax2ps
Prelinking /usr/bin/pcxtoppm
Prelinking /usr/lib/gimp/2.0/plug-ins/cartoon
Prelinking /usr/bin/pr
Prelinking /usr/lib/gimp/2.0/plug-ins/sobel
Prelinking /usr/lib/gimp/2.0/plug-ins/tiff
Prelinking /usr/lib/rpm/rpmdb_recover
Prelinking /usr/bin/pamfile
Prelinking /usr/lib/squid/msnt_auth
Prelinking /usr/lib/bonobo-2.0/samples/bonobo-sample-controls-2
Prelinking /usr/sbin/alternatives
Prelinking /usr/lib/libebt_nat.so
/usr/sbin/prelink: Warning: /usr/lib/libebt_nat.so has undefined non-weak symbols
Prelinking /usr/lib/libebt_redirect.so
/usr/sbin/prelink: Warning: /usr/lib/libebt_redirect.so has undefined non-weak symbols
Prelinking /usr/lib/libebt_vlan.so
/usr/sbin/prelink: Warning: /usr/lib/libebt_vlan.so has undefined non-weak symbols
Prelinking /usr/lib/libebt_limit.so
/usr/sbin/prelink: Warning: /usr/lib/libebt_limit.so has undefined non-weak symbols
Prelinking /sbin/ebtables
Prelinking /usr/bin/pamstereogram
Prelinking /usr/bin/setterm
Prelinking /usr/bin/pnmcomp
Prelinking /usr/bin/anthy-morphological-analyzer
Prelinking /usr/bin/pmap
Prelinking /usr/bin/screen
Prelinking /usr/bin/thinkjettopbm
Prelinking /usr/bin/pnmrotate
Prelinking /usr/bin/iostat
Prelinking /usr/bin/pbmtomrf
Prelinking /usr/bin/pamx
Prelinking /sbin/pam_tally
Prelinking /usr/sbin/eject
Prelinking /usr/bin/pnmstitch
Prelinking /usr/bin/hal-lock
Prelinking /usr/bin/ppmtosixel
Prelinking /usr/bin/ltrace
Prelinking /usr/bin/apmsleep
Prelinking /usr/bin/xrandr
Prelinking /sbin/hwclock
Prelinking /usr/bin/formail
Prelinking /usr/bin/tree
Prelinking /usr/lib/libdmx.so.1.0.0
Prelinking /usr/lib/squid/ip_user_check
Prelinking /usr/bin/man
Prelinking /usr/bin/pbmtodjvurle
Prelinking /usr/bin/glines
Prelinking /usr/bin/pnmsmooth
Prelinking /usr/lib/rpm/javadeps
Prelinking /usr/bin/pamslice
Prelinking /usr/libexec/emacs/21.4/i686-redhat-linux-gnu/yow
Prelinking /usr/bin/ppmtopi1
Prelinking /usr/lib/gimp/2.0/plug-ins/despeckle
Prelinking /lib/udev/rename_device
Prelinking /usr/bin/tiff2rgba
Prelinking /usr/bin/ppmcolormask
Prelinking /usr/bin/eu-size
Prelinking /usr/bin/yuvsplittoppm
Prelinking /usr/bin/pnmtotiffcmyk
Prelinking /usr/bin/namei
Prelinking /usr/bin/rz
Linking /usr/bin/rb to /usr/bin/rz
Linking /usr/bin/rx to /usr/bin/rz
Prelinking /usr/bin/spawn-fcgi
Prelinking /usr/bin/pstopnm
Prelinking /usr/bin/xwd
Prelinking /usr/bin/xtrapinfo
Prelinking /bin/gzip
Prelinking /bin/uname
Prelinking /usr/libexec/gnome-vfs-daemon
Prelinking /usr/bin/signtool
Prelinking /usr/bin/eqn
Prelinking /usr/lib/squid/diskd-daemon
Prelinking /usr/lib/gimp/2.0/plug-ins/jigsaw
Prelinking /sbin/init
Prelinking /usr/bin/gmime-uudecode
Prelinking /usr/bin/bmp2tiff
Prelinking /usr/bin/git-patch-id
Prelinking /sbin/rngd
Prelinking /usr/bin/lket-b2a
Prelinking /sbin/mke2fs
Linking /sbin/mkfs.ext3 to /sbin/mke2fs
Linking /sbin/mkfs.ext2 to /sbin/mke2fs
Prelinking /usr/bin/xvidtune
Prelinking /usr/sbin/mksock
Prelinking /usr/bin/mev
Prelinking /usr/lib/gimp/2.0/plug-ins/tile
Prelinking /usr/lib/squid/getpwname_auth
Prelinking /usr/bin/pbmtomatrixorbital
Prelinking /sbin/insmod
Prelinking /usr/bin/mapscrn
Prelinking /usr/bin/pkcs11_eventmgr
Prelinking /usr/lib/pm-utils/bin/pm-reset-swap
Prelinking /sbin/logsave
Prelinking /usr/bin/filterdiff
Prelinking /sbin/losetup
Prelinking /usr/bin/psbook
Prelinking /usr/lib/syslinux/syslinux
Prelinking /usr/bin/gnome-mount
Prelinking /usr/lib/gimp/2.0/plug-ins/gfig
Prelinking /usr/sbin/tcpslice
Prelinking /usr/lib/rpm/rpmfile
Prelinking /usr/sbin/dump-utmp
Prelinking /usr/sbin/console-kit-daemon
Prelinking /usr/bin/oclock
Prelinking /usr/bin/eyuvtoppm
Prelinking /usr/lib/gimp/2.0/plug-ins/deinterlace
Prelinking /usr/lib/nss/unsupported-tools/selfserv
Prelinking /sbin/ibod
Prelinking /usr/bin/cue2toc
Prelinking /usr/libexec/gam_server
Prelinking /sbin/sfdisk
Prelinking /usr/bin/wget
Prelinking /sbin/dosfslabel
Prelinking /sbin/modprobe
Prelinking /usr/bin/ppmtowinicon
Prelinking /usr/libexec/hald-addon-storage
Prelinking /sbin/hisaxctrl
Prelinking /usr/sbin/cc_dump
Prelinking /sbin/dump
Prelinking /usr/bin/bonobo-browser
Prelinking /usr/sbin/imontty
Prelinking /usr/sbin/sasl2-shared-mechlist
Prelinking /bin/tar
Prelinking /sbin/consoletype
Prelinking /usr/bin/chattr
Prelinking /bin/stty
Prelinking /usr/bin/sasl2-sample-client
Prelinking /usr/bin/ppm3d
Prelinking /usr/bin/pgmcrater
Prelinking /usr/bin/hipstopgm
Prelinking /usr/bin/swig
Prelinking /usr/bin/xsetpointer
Prelinking /usr/bin/kasumi
Prelinking /bin/netstat
Prelinking /usr/bin/yes
Prelinking /usr/lib/firefox-1.5.0.10/xpt_dump
Prelinking /sbin/kexec
Prelinking /usr/libexec/getconf/POSIX_V6_ILP32_OFF32
Prelinking /usr/bin/pfbtops
Prelinking /usr/bin/sxpm
Prelinking /lib/security/pam_krb5/pam_krb5_storetmp
Prelinking /sbin/netplugd
Prelinking /usr/sbin/lgroupmod
Prelinking /usr/bin/pamcut
Prelinking /sbin/fuser
Prelinking /usr/lib/gimp/2.0/plug-ins/zealouscrop
Prelinking /usr/bin/showconsolefont
Prelinking /usr/bin/sqlite3
Prelinking /usr/bin/whiptail
Prelinking /usr/sbin/netscsid
Prelinking /usr/bin/pbmtoascii
Prelinking /usr/sbin/aiccu
Prelinking /usr/bin/vncconfig
Prelinking /usr/libexec/gcc/i386-redhat-linux/4.1.1/jc1
Prelinking /usr/bin/isdnrep
Prelinking /usr/bin/ipcs
Prelinking /usr/bin/pamaddnoise
Prelinking /usr/bin/ppmchange
Prelinking /usr/bin/pbmtogo
Prelinking /usr/bin/ppmhist
Prelinking /usr/bin/i386-redhat-linux-g++
Linking /usr/bin/i386-redhat-linux-c++ to /usr/bin/i386-redhat-linux-g++
Linking /usr/bin/c++ to /usr/bin/i386-redhat-linux-g++
Linking /usr/bin/g++ to /usr/bin/i386-redhat-linux-g++
Prelinking /usr/bin/scim
Prelinking /usr/bin/pklogin_finder
Prelinking /usr/bin/hal-find-by-property
Prelinking /sbin/fstab-decode
Prelinking /usr/bin/pbmto4425
Prelinking /usr/bin/xauth
Prelinking /usr/lib/gimp/2.0/plug-ins/blinds
Prelinking /usr/bin/rasttopnm
Prelinking /usr/bin/Xvnc
Prelinking /usr/libexec/emacs/21.4/i686-redhat-linux-gnu/emacsserver
Prelinking /usr/bin/cameratopam
Prelinking /usr/lib/gimp/2.0/plug-ins/procedure-browser
Prelinking /usr/libexec/hal-system-sonypic
Prelinking /usr/bin/head
Prelinking /usr/bin/xfontsel
Prelinking /usr/bin/gnomevfs-cat
Prelinking /usr/bin/soelim
Prelinking /sbin/icnctrl
Prelinking /usr/bin/emacsclient
Prelinking /usr/bin/gmime-uuencode
Prelinking /usr/bin/[
Prelinking /usr/bin/escp2topbm
Prelinking /usr/bin/rpm2cpio
Prelinking /usr/bin/osx
Prelinking /usr/bin/getopt
Prelinking /usr/bin/pnmremap
Prelinking /usr/bin/fc-list
Prelinking /usr/bin/runscript
Prelinking /usr/bin/make
Prelinking /usr/bin/pwdx
Prelinking /usr/bin/pnmtofiasco
Prelinking /usr/bin/pamsharpness
Prelinking /usr/bin/etags.emacs
Prelinking /sbin/mdadm
Prelinking /usr/sbin/lid
Prelinking /usr/bin/ppmtoterm
Prelinking /usr/bin/ppmtopgm
Prelinking /usr/sbin/nstat
Prelinking /usr/bin/tiffmedian
Prelinking /usr/bin/ppmdcfont
Prelinking /bin/sleep
Prelinking /bin/pgawk
Prelinking /usr/bin/berkeley_db42_svc
Prelinking /usr/bin/pbmtoplot
Prelinking /usr/bin/sar
Prelinking /bin/usleep
Prelinking /usr/bin/afs5log
Prelinking /usr/bin/pamenlarge
Prelinking /usr/lib/gimp/2.0/plug-ins/guillotine
Prelinking /usr/lib/gimp/2.0/plug-ins/gqbist
Prelinking /usr/bin/sldtoppm
Prelinking /usr/sbin/lvm
Prelinking /usr/bin/ppmdither
Prelinking /usr/bin/setkeycodes
Prelinking /usr/bin/sbigtopgm
Prelinking /usr/lib/gimp/2.0/plug-ins/xpm
Prelinking /usr/bin/chacl
Prelinking /usr/bin/pgmabel
Prelinking /usr/bin/pamsharpmap
Prelinking /usr/lib/gimp/2.0/plug-ins/ifscompose
Prelinking /usr/bin/git-shell
Prelinking /usr/bin/db43_deadlock
Prelinking /bin/dumpkeys
Prelinking /usr/bin/pktopbm
Prelinking /usr/bin/pi3topbm
Prelinking /usr/sbin/racoonctl
Prelinking /usr/lib/gimp/2.0/plug-ins/emboss
Prelinking /usr/sbin/sucap
Prelinking /usr/bin/rawtoppm
Prelinking /usr/lib/gimp/2.0/plug-ins/diffraction
Prelinking /usr/bin/isdnrate
Prelinking /usr/bin/getkeycodes
Prelinking /usr/bin/dbus-binding-tool
Prelinking /usr/lib/nss/unsupported-tools/derdump
Prelinking /usr/lib/libXxf86dga.so.1.0.0
Prelinking /usr/bin/xdpyinfo
Prelinking /usr/lib/nss/unsupported-tools/symkeyutil
Prelinking /sbin/mkfs.vfat
Linking /sbin/mkdosfs to /sbin/mkfs.vfat
Linking /sbin/mkfs.msdos to /sbin/mkfs.vfat
Prelinking /usr/sbin/lnstat
Prelinking /usr/bin/gda-report-test
Prelinking /usr/bin/less
Prelinking /sbin/accton
Prelinking /usr/lib/valgrind/hp2ps
Prelinking /usr/libexec/gcc/i386-redhat-linux/4.1.1/cc1plus
Prelinking /usr/bin/git-merge-recursive
Prelinking /usr/bin/scrollkeeper-extract
Prelinking /usr/bin/install
Prelinking /usr/bin/pamtofits
Prelinking /sbin/ip6tables
Prelinking /bin/setfont
Prelinking /usr/bin/info
Prelinking /usr/bin/db42_printlog
Prelinking /usr/sbin/lgroupadd
Prelinking /sbin/setkey
Prelinking /usr/sbin/arpd
Prelinking /sbin/ifenslave
Prelinking /usr/bin/palmtopnm
Prelinking /usr/bin/vboxcnvt
Prelinking /usr/bin/utmpdump
Prelinking /usr/bin/psidtopgm
Prelinking /usr/bin/mysqlshow
Prelinking /usr/bin/db43_stat
Prelinking /usr/bin/rpmgraph
Prelinking /usr/bin/ci
Prelinking /usr/libexec/emacs/21.4/i686-redhat-linux-gnu/cvtmail
Prelinking /usr/bin/pngtopnm
Prelinking /usr/bin/dirname
Prelinking /usr/bin/xprop
Prelinking /usr/bin/infokey
Prelinking /sbin/pppoe-sniff
Prelinking /usr/bin/gconftool-2
Prelinking /usr/bin/xlsclients
Prelinking /usr/bin/ppmtoleaf
Prelinking /usr/bin/pbmreduce
Prelinking /usr/bin/db43_archive
Prelinking /usr/libexec/hald-addon-pmu
Prelinking /usr/bin/script
Prelinking /bin/gettext
Prelinking /usr/bin/infotopam
Prelinking /usr/sbin/hald
Prelinking /usr/sbin/lokkit
Prelinking /usr/sbin/cracklib-packer
Prelinking /usr/bin/execstack
Prelinking /usr/bin/xsltproc
Prelinking /sbin/lspci
Prelinking /usr/libexec/mysqld
Prelinking /usr/bin/gprof
Prelinking /usr/bin/chage
Prelinking /usr/bin/envsubst
Prelinking /usr/bin/glxinfo
Prelinking /usr/bin/tclsh8.4
Prelinking /sbin/nologin
Prelinking /bin/kbd_mode
Prelinking /usr/bin/pbmtomgr
Prelinking /usr/lib/nss/unsupported-tools/atob
Prelinking /usr/bin/test
Prelinking /usr/lib/rpm/rpmdb_verify
Prelinking /usr/bin/myisam_ftdump
Prelinking /sbin/lsusb
Prelinking /usr/bin/sfconvert
Prelinking /usr/bin/passwd
Prelinking /usr/bin/hal-set-property
Prelinking /bin/touch
Prelinking /usr/bin/paste
Prelinking /sbin/mount.cifs
Prelinking /usr/bin/mysqlbinlog
Prelinking /usr/bin/mysqldump
Prelinking /bin/link
Prelinking /usr/bin/sha512sum
Prelinking /usr/bin/gpasswd
Prelinking /usr/sbin/squidclient
Prelinking /usr/lib/gimp/2.0/plug-ins/flame
Prelinking /usr/bin/sdiff
Prelinking /usr/lib/squid/digest_pw_auth
Prelinking /usr/bin/mysqltestmanager-pwgen
Prelinking /usr/bin/pre-grohtml
Prelinking /usr/bin/gnome-open
Prelinking /sbin/mii-tool
Prelinking /usr/sbin/groupdel
Prelinking /bin/mkdir
Prelinking /bin/rmdir
Prelinking /usr/lib/gimp/2.0/plug-ins/compose
Prelinking /usr/sbin/dump-acct
Prelinking /usr/bin/msginit
Prelinking /usr/sbin/gpm
Prelinking /usr/bin/pamarith
Prelinking /usr/bin/isdnbill
Prelinking /sbin/iwspy
Prelinking /usr/bin/ppmtopjxl
Prelinking /usr/bin/ximtoppm
Prelinking /usr/bin/djpeg
Prelinking /usr/bin/ophelp
Prelinking /usr/lib/gimp/2.0/plug-ins/color_enhance
Prelinking /usr/bin/fgconsole
Prelinking /usr/sbin/chpasswd
Prelinking /bin/true
Prelinking /usr/bin/ppmmake
Prelinking /sbin/fsck.vfat
Linking /sbin/fsck.msdos to /sbin/fsck.vfat
Linking /sbin/dosfsck to /sbin/fsck.vfat
Prelinking /usr/bin/gtk-query-immodules-2.0-32
Prelinking /sbin/mpath_prio_alua
Prelinking /usr/lib/gimp/2.0/plug-ins/psp
Prelinking /usr/sbin/newusers
Prelinking /usr/bin/pnmnlfilt
Prelinking /usr/lib/scim-1.0/scim-helper-manager
Prelinking /usr/bin/pamdice
Prelinking /usr/lib/squid/unlinkd
Prelinking /usr/bin/cdda2wav
Prelinking /usr/bin/xvminitoppm
Prelinking /bin/basename
Prelinking /usr/bin/size
Prelinking /usr/bin/pamthreshold
Prelinking /usr/bin/scim-bridge
Prelinking /usr/bin/bonobo-activation-run-query
Prelinking /usr/sbin/execcap
Prelinking /usr/lib/gimp/2.0/plug-ins/max_rgb
Prelinking /usr/bin/tgatoppm
Prelinking /usr/lib/gimp/2.0/plug-ins/whirlpinch
Prelinking /usr/lib/gimp/2.0/plug-ins/shift
Prelinking /usr/sbin/luseradd
Prelinking /usr/bin/eu-nm
Prelinking /usr/bin/xsetmode
Prelinking /usr/bin/gtk-demo
Prelinking /usr/lib/nss/unsupported-tools/strsclnt
Prelinking /usr/lib/gimp/2.0/plug-ins/unsharp
Prelinking /usr/sbin/sasldblistusers2
Prelinking /bin/chgrp
Prelinking /usr/bin/tput
Prelinking /usr/bin/pnmshear
Prelinking /usr/lib/gimp/2.0/plug-ins/retinex
Prelinking /usr/bin/git-fast-import
Prelinking /usr/bin/gnomevfs-copy
Prelinking /usr/bin/loadunimap
Prelinking /usr/sbin/rcapid
Prelinking /usr/bin/file
Prelinking /usr/bin/find
Prelinking /usr/lib/gimp/2.0/plug-ins/glob
Prelinking /usr/bin/gnomevfs-df
Prelinking /sbin/depmod
Prelinking /usr/sbin/sa
Prelinking /usr/bin/pnmtojpeg
Prelinking /usr/bin/hal-disable-polling
Prelinking /usr/bin/pjtoppm
Prelinking /usr/bin/msggrep
Prelinking /usr/bin/capiinfo
Prelinking /sbin/ipmaddr
Prelinking /usr/bin/icontopbm
Prelinking /usr/bin/funzip
Prelinking /usr/sbin/readahead
Prelinking /sbin/badblocks
Prelinking /usr/sbin/iptstate
Prelinking /usr/bin/ppmbrighten
Prelinking /usr/bin/gnomevfs-mkdir
Prelinking /usr/sbin/squid
Prelinking /usr/bin/git-var
Prelinking /usr/lib/gimp/2.0/plug-ins/AlienMap2
Prelinking /usr/libexec/ck-collect-session-info
Prelinking /usr/bin/glib-genmarshal
Prelinking /bin/doexec
Prelinking /usr/bin/mysql_upgrade
Prelinking /usr/sbin/edquota
Prelinking /usr/bin/linc-cleanup-sockets
Prelinking /usr/bin/pbmtolps
Prelinking /usr/bin/ipcrm
Prelinking /usr/bin/comm
Prelinking /usr/bin/pamcomp
Prelinking /usr/libexec/hal-storage-cleanup-mountpoint
Prelinking /usr/bin/pamflip
Prelinking /usr/bin/ucs2any
Prelinking /usr/bin/ospent
Prelinking /usr/bin/mahjongg
Prelinking /bin/tcsh
Prelinking /usr/bin/msgfilter
Prelinking /usr/lib/gimp/2.0/plug-ins/gfli
Prelinking /usr/bin/psselect
Prelinking /usr/bin/pnmcolormap
Prelinking /sbin/ip6tables-restore
Prelinking /usr/bin/git-mktree
Prelinking /usr/lib/gimp/2.0/plug-ins/apply_lens
Prelinking /usr/bin/pamgradient
Prelinking /usr/bin/pnmtops
Prelinking /usr/lib/gimp/2.0/plug-ins/mosaic
Prelinking /sbin/pam_console_apply
Prelinking /usr/bin/giftopnm
Prelinking /usr/bin/pbmtoepsi
Prelinking /usr/lib/gimp/2.0/plug-ins/MapObject
Prelinking /sbin/dhclient
Prelinking /usr/lib/gimp/2.0/plug-ins/jpeg
Prelinking /usr/sbin/biosdecode
Prelinking /usr/bin/pbmtoppa
Prelinking /usr/bin/pgrep
Linking /usr/bin/pkill to /usr/bin/pgrep
Prelinking /usr/bin/pcregrep
Prelinking /usr/lib/squid/yp_auth
Prelinking /usr/sbin/imon
Prelinking /usr/lib/rpm/rpmk
Prelinking /usr/lib/gimp/2.0/plug-ins/faxg3
Prelinking /usr/bin/rgb3toppm
Prelinking /usr/bin/git-whatchanged
Linking /usr/bin/git-read-tree to /usr/bin/git-whatchanged
Linking /usr/bin/git-show-branch to /usr/bin/git-whatchanged
Linking /usr/bin/git-name-rev to /usr/bin/git-whatchanged
Linking /usr/bin/git-rev-parse to /usr/bin/git-whatchanged
Linking /usr/bin/git-mailsplit to /usr/bin/git-whatchanged
Linking /usr/bin/git-push to /usr/bin/git-whatchanged
Linking /usr/bin/git-log to /usr/bin/git-whatchanged
Linking /usr/bin/git-format-patch to /usr/bin/git-whatchanged
Linking /usr/bin/git-verify-pack to /usr/bin/git-whatchanged
Linking /usr/bin/git-symbolic-ref to /usr/bin/git-whatchanged
Linking /usr/bin/git-write-tree to /usr/bin/git-whatchanged
Linking /usr/bin/git-annotate to /usr/bin/git-whatchanged
Linking /usr/bin/git-fsck-objects to /usr/bin/git-whatchanged
Linking /usr/bin/git-check-ref-format to /usr/bin/git-whatchanged
Linking /usr/bin/git-grep to /usr/bin/git-whatchanged
Linking /usr/bin/git-diff-tree to /usr/bin/git-whatchanged
Linking /usr/bin/git-reflog to /usr/bin/git-whatchanged
Linking /usr/bin/git-cherry to /usr/bin/git-whatchanged
Linking /usr/bin/git-init-db to /usr/bin/git-whatchanged
Linking /usr/bin/git-prune-packed to /usr/bin/git-whatchanged
Linking /usr/bin/git-get-tar-commit-id to /usr/bin/git-whatchanged
Linking /usr/bin/git-rerere to /usr/bin/git-whatchanged
Linking /usr/bin/git-archive to /usr/bin/git-whatchanged
Linking /usr/bin/git-config to /usr/bin/git-whatchanged
Linking /usr/bin/git-pack-objects to /usr/bin/git-whatchanged
Linking /usr/bin/git-rev-list to /usr/bin/git-whatchanged
Linking /usr/bin/git-add to /usr/bin/git-whatchanged
Linking /usr/bin/git-upload-archive to /usr/bin/git-whatchanged
Linking /usr/bin/git-repo-config to /usr/bin/git-whatchanged
Linking /usr/bin/git-ls-files to /usr/bin/git-whatchanged
Linking /usr/bin/git-checkout-index to /usr/bin/git-whatchanged
Linking /usr/bin/git-count-objects to /usr/bin/git-whatchanged
Linking /usr/bin/git-diff-files to /usr/bin/git-whatchanged
Linking /usr/bin/git-update-index to /usr/bin/git-whatchanged
Linking /usr/bin/git-merge-file to /usr/bin/git-whatchanged
Linking /usr/bin/git to /usr/bin/git-whatchanged
Linking /usr/bin/git-runstatus to /usr/bin/git-whatchanged
Linking /usr/bin/git-describe to /usr/bin/git-whatchanged
Linking /usr/bin/git-fsck to /usr/bin/git-whatchanged
Linking /usr/bin/git-shortlog to /usr/bin/git-whatchanged
Linking /usr/bin/git-branch to /usr/bin/git-whatchanged
Linking /usr/bin/git-diff to /usr/bin/git-whatchanged
Linking /usr/bin/git-rm to /usr/bin/git-whatchanged
Linking /usr/bin/git-mailinfo to /usr/bin/git-whatchanged
Linking /usr/bin/git-show to /usr/bin/git-whatchanged
Linking /usr/bin/git-cat-file to /usr/bin/git-whatchanged
Linking /usr/bin/git-commit-tree to /usr/bin/git-whatchanged
Linking /usr/bin/git-diff-stages to /usr/bin/git-whatchanged
Linking /usr/bin/git-fmt-merge-msg to /usr/bin/git-whatchanged
Linking /usr/bin/git-unpack-objects to /usr/bin/git-whatchanged
Linking /usr/bin/git-pack-refs to /usr/bin/git-whatchanged
Linking /usr/bin/git-apply to /usr/bin/git-whatchanged
Linking /usr/bin/git-stripspace to /usr/bin/git-whatchanged
Linking /usr/bin/git-blame to /usr/bin/git-whatchanged
Linking /usr/bin/git-prune to /usr/bin/git-whatchanged
Linking /usr/bin/git-mv to /usr/bin/git-whatchanged
Linking /usr/bin/git-diff-index to /usr/bin/git-whatchanged
Linking /usr/bin/git-tar-tree to /usr/bin/git-whatchanged
Linking /usr/bin/git-for-each-ref to /usr/bin/git-whatchanged
Linking /usr/bin/git-show-ref to /usr/bin/git-whatchanged
Linking /usr/bin/git-update-ref to /usr/bin/git-whatchanged
Linking /usr/bin/git-init to /usr/bin/git-whatchanged
Linking /usr/bin/git-ls-tree to /usr/bin/git-whatchanged
Prelinking /sbin/extlinux
Prelinking /usr/lib/gimp/2.0/plug-ins/sinus
Prelinking /usr/bin/doxytag
Prelinking /sbin/netreport
Prelinking /usr/sbin/visudo
Prelinking /usr/bin/ppmtoilbm
Prelinking /usr/lib/gimp/2.0/plug-ins/iwarp
Prelinking /usr/bin/git-update-server-info
Prelinking /usr/bin/curl
Prelinking /usr/bin/pnmtoxwd
Prelinking /usr/bin/db42_dump
Prelinking /usr/bin/pbmlife
Prelinking /usr/bin/m4
Prelinking /usr/bin/opimport
Prelinking /usr/lib/rpm/rpmq
Prelinking /usr/bin/lddlibc4
Prelinking /usr/lib/gimp/2.0/plug-ins/curve_bend
Prelinking /usr/bin/fiascotopnm
Prelinking /usr/bin/strings
Prelinking /usr/bin/rlog
Prelinking /usr/bin/ranlib
Prelinking /usr/lib/gimp/2.0/plug-ins/gee_zoom
Prelinking /usr/bin/expand
Prelinking /usr/libexec/mysqlmanager
Prelinking /usr/bin/readom
Prelinking /usr/libexec/hal-acl-tool
Prelinking /usr/sbin/dmidecode
Prelinking /usr/bin/getfattr
Prelinking /usr/bin/tiffcp
Prelinking /usr/sbin/pwconv
Prelinking /usr/bin/eu-strings
Prelinking /usr/bin/sha1sum
Prelinking /usr/lib/gimp/2.0/plug-ins/rcm
Prelinking /usr/sbin/cossdump
Prelinking /usr/bin/rdjpgcom
Prelinking /usr/lib/gimp/2.0/plug-ins/hot
Prelinking /usr/sbin/filefrag
Prelinking /usr/bin/opgprof
Prelinking /usr/bin/sfinfo
Prelinking /usr/lib/gimp/2.0/plug-ins/sel2path
Prelinking /usr/lib/gimp/2.0/plug-ins/help
Prelinking /usr/bin/devdump
Prelinking /usr/bin/rhythmbox-client
Prelinking /sbin/ipppd
Prelinking /usr/bin/ddate
Prelinking /usr/bin/ck-list-sessions
Prelinking /usr/bin/refer
Prelinking /usr/bin/w
Prelinking /usr/bin/pambayer
Prelinking /usr/bin/pamoil
Prelinking /usr/bin/gcjh
Prelinking /usr/bin/sprof
Prelinking /usr/bin/ppmtogif
Prelinking /usr/bin/rlatopam
Prelinking /usr/bin/iagno
Prelinking /usr/bin/du
Prelinking /usr/bin/pamseq
Prelinking /usr/bin/fmt
Prelinking /usr/lib/squid/sasl_auth
Prelinking /usr/bin/eu-addr2line
Prelinking /usr/bin/staprun
Prelinking /usr/bin/vim
Prelinking /usr/bin/opreport
Prelinking /bin/dmesg
Prelinking /usr/bin/xeyes
Prelinking /usr/bin/fc-cache
Prelinking /usr/bin/rcs
Prelinking /usr/bin/lesskey
Prelinking /usr/bin/ppmtobmp
Prelinking /usr/bin/rdist
Prelinking /usr/bin/ftp
Prelinking /usr/sbin/wpa_passphrase
Prelinking /usr/sbin/brctl
Prelinking /usr/lib/gimp/2.0/plug-ins/sparkle
Prelinking /usr/bin/enchant
Prelinking /usr/bin/pstops
Prelinking /usr/libexec/emacs/21.4/i686-redhat-linux-gnu/profile
Prelinking /usr/libexec/hald-runner
Prelinking /usr/bin/orbit-idl-2
Prelinking /usr/bin/gnobots2
Prelinking /usr/bin/bdftopcf
Prelinking /usr/bin/luac
Prelinking /usr/bin/gfortran
Prelinking /usr/lib/gimp/2.0/plug-ins/tga
Prelinking /sbin/iwgetid
Prelinking /usr/bin/ppmdist
Prelinking /usr/sbin/pluginviewer
Prelinking /usr/bin/ppmdmkfont
Prelinking /usr/bin/mysqladmin
Prelinking /usr/bin/enchant-lsmod
Prelinking /usr/bin/tee
Prelinking /usr/bin/xhost
Prelinking /usr/bin/setxkbmap
Prelinking /usr/bin/git-show-index
Prelinking /usr/bin/tail
Prelinking /usr/bin/mini-wm
Prelinking /usr/bin/pbmtoptx
Prelinking /usr/bin/rev
Prelinking /usr/bin/git-ssh-upload
Prelinking /usr/bin/capifax
Prelinking /usr/bin/minicom
Prelinking /usr/bin/db43_verify
Prelinking /usr/bin/colcrt
Prelinking /sbin/iwlist
Prelinking /usr/bin/ctags
Prelinking /bin/nice
Prelinking /usr/bin/pnmindex
Prelinking /bin/ping
Prelinking /usr/lib/rpm/rpmcache
Prelinking /usr/bin/pgmminkowski
Prelinking /usr/bin/pbmtonokia
Prelinking /usr/bin/update-desktop-database
Prelinking /bin/cp
Prelinking /usr/bin/tailf
Prelinking /sbin/halt
Prelinking /usr/bin/sgitopnm
Prelinking /usr/bin/c++filt
Prelinking /usr/sbin/lpasswd
Prelinking /usr/lib/squid/squid_unix_group
Prelinking /usr/bin/pnmconvol
Prelinking /usr/sbin/pppstats
Prelinking /usr/lib/gimp/2.0/plug-ins/pat
Prelinking /usr/bin/wmf2x
Prelinking /usr/sbin/getsebool
Prelinking /usr/bin/git-merge-tree
Prelinking /usr/bin/locale
Prelinking /usr/bin/xargs
Prelinking /usr/bin/pbmtoatk
Prelinking /usr/bin/expr
Prelinking /usr/bin/ybmtopbm
Prelinking /bin/df
Prelinking /usr/sbin/lusermod
Prelinking /usr/lib/gimp/2.0/plug-ins/bmp
Prelinking /usr/lib/gimp/2.0/plug-ins/colortoalpha
Prelinking /usr/lib/gimp/2.0/plug-ins/align_layers
Prelinking /usr/bin/git-fetch-pack
Prelinking /sbin/MAKEDEV
Prelinking /usr/bin/mpstat
Prelinking /usr/bin/gda-run
Prelinking /usr/bin/gjnih
Prelinking /usr/lib/gimp/2.0/plug-ins/rotate
Prelinking /usr/bin/gconf-merge-tree
Prelinking /usr/bin/isoinfo
Prelinking /usr/bin/imake
Prelinking /sbin/iptables-xml
Prelinking /usr/bin/gpm-root
Prelinking /usr/bin/neotoppm
Prelinking /usr/bin/ppmcie
Prelinking /usr/bin/jpegtran
Prelinking /usr/sbin/setup
Prelinking /usr/bin/rngtest
Prelinking /usr/sbin/setquota
Prelinking /usr/bin/xkbvleds
Prelinking /usr/lib/gimp/2.0/plug-ins/convmatrix
Prelinking /usr/libexec/hald-addon-hid-ups
Prelinking /usr/bin/pbmtoepson
Prelinking /usr/bin/diff
